[debug] [2024-06-06T17:27:29.782Z] ----------------------------------------------------------------------
[debug] [2024-06-06T17:27:29.784Z] Command:       /home/darren/.nvm/versions/node/v22.2.0/bin/node /home/darren/.nvm/versions/node/v22.2.0/bin/firebase deploy
[debug] [2024-06-06T17:27:29.784Z] CLI Version:   13.11.0
[debug] [2024-06-06T17:27:29.785Z] Platform:      linux
[debug] [2024-06-06T17:27:29.785Z] Node Version:  v22.2.0
[debug] [2024-06-06T17:27:29.785Z] Time:          Thu Jun 06 2024 19:27:29 GMT+0200 (Central European Summer Time)
[debug] [2024-06-06T17:27:29.785Z] ----------------------------------------------------------------------
[debug] 
[debug] [2024-06-06T17:27:29.833Z] > command requires scopes: ["email","openid","https://www.googleapis.com/auth/cloudplatformprojects.readonly","https://www.googleapis.com/auth/firebase","https://www.googleapis.com/auth/cloud-platform"]
[debug] [2024-06-06T17:27:29.833Z] > authorizing via signed-in user (submux@gmail.com)
[debug] [2024-06-06T17:27:29.833Z] [iam] checking project knockknock-8e41d for permissions ["cloudfunctions.functions.create","cloudfunctions.functions.delete","cloudfunctions.functions.get","cloudfunctions.functions.list","cloudfunctions.functions.update","cloudfunctions.operations.get","firebase.projects.get","firebasehosting.sites.update"]
[debug] [2024-06-06T17:27:29.834Z] >>> [apiv2][query] POST https://cloudresourcemanager.googleapis.com/v1/projects/knockknock-8e41d:testIamPermissions [none]
[debug] [2024-06-06T17:27:29.834Z] >>> [apiv2][(partial)header] POST https://cloudresourcemanager.googleapis.com/v1/projects/knockknock-8e41d:testIamPermissions x-goog-quota-user=projects/knockknock-8e41d
[debug] [2024-06-06T17:27:29.835Z] >>> [apiv2][body] POST https://cloudresourcemanager.googleapis.com/v1/projects/knockknock-8e41d:testIamPermissions {"permissions":["cloudfunctions.functions.create","cloudfunctions.functions.delete","cloudfunctions.functions.get","cloudfunctions.functions.list","cloudfunctions.functions.update","cloudfunctions.operations.get","firebase.projects.get","firebasehosting.sites.update"]}
[debug] [2024-06-06T17:27:30.108Z] <<< [apiv2][status] POST https://cloudresourcemanager.googleapis.com/v1/projects/knockknock-8e41d:testIamPermissions 200
[debug] [2024-06-06T17:27:30.109Z] <<< [apiv2][body] POST https://cloudresourcemanager.googleapis.com/v1/projects/knockknock-8e41d:testIamPermissions {"permissions":["cloudfunctions.functions.create","cloudfunctions.functions.delete","cloudfunctions.functions.get","cloudfunctions.functions.list","cloudfunctions.functions.update","cloudfunctions.operations.get","firebase.projects.get","firebasehosting.sites.update"]}
[debug] [2024-06-06T17:27:30.110Z] >>> [apiv2][query] POST https://iam.googleapis.com/v1/projects/knockknock-8e41d/serviceAccounts/knockknock-8e41d@appspot.gserviceaccount.com:testIamPermissions [none]
[debug] [2024-06-06T17:27:30.111Z] >>> [apiv2][body] POST https://iam.googleapis.com/v1/projects/knockknock-8e41d/serviceAccounts/knockknock-8e41d@appspot.gserviceaccount.com:testIamPermissions {"permissions":["iam.serviceAccounts.actAs"]}
[debug] [2024-06-06T17:27:30.937Z] <<< [apiv2][status] POST https://iam.googleapis.com/v1/projects/knockknock-8e41d/serviceAccounts/knockknock-8e41d@appspot.gserviceaccount.com:testIamPermissions 404
[debug] [2024-06-06T17:27:30.937Z] <<< [apiv2][body] POST https://iam.googleapis.com/v1/projects/knockknock-8e41d/serviceAccounts/knockknock-8e41d@appspot.gserviceaccount.com:testIamPermissions {"error":{"code":404,"message":"Unknown service account","status":"NOT_FOUND"}}
[debug] [2024-06-06T17:27:30.938Z] [functions] service account IAM check errored, deploy may fail: HTTP Error: 404, Unknown service account {"name":"FirebaseError","children":[],"context":{"body":{"error":{"code":404,"message":"Unknown service account","status":"NOT_FOUND"}},"response":{"statusCode":404}},"exit":1,"message":"HTTP Error: 404, Unknown service account","status":404}
[debug] [2024-06-06T17:27:30.940Z] >>> [apiv2][query] GET https://firebase.googleapis.com/v1beta1/projects/knockknock-8e41d [none]
[debug] [2024-06-06T17:27:31.281Z] <<< [apiv2][status] GET https://firebase.googleapis.com/v1beta1/projects/knockknock-8e41d 200
[debug] [2024-06-06T17:27:31.282Z] <<< [apiv2][body] GET https://firebase.googleapis.com/v1beta1/projects/knockknock-8e41d {"projectId":"knockknock-8e41d","projectNumber":"1076360344718","displayName":"KnockKnock","name":"projects/knockknock-8e41d","resources":{"hostingSite":"knockknock-8e41d"},"state":"ACTIVE","etag":"1_7470d72b-f8c3-4464-850f-29452db610bf"}
[info] 
[info] === Deploying to 'knockknock-8e41d'...
[info] 
[info] i  deploying functions, hosting 
[info] Running command: npm --prefix "$RESOURCE_DIR" run lint
[info] ✔  functions: Finished running predeploy script. 
[debug] [2024-06-06T17:27:31.995Z] >>> [apiv2][query] GET https://firebase.googleapis.com/v1beta1/projects/knockknock-8e41d [none]
[debug] [2024-06-06T17:27:32.212Z] <<< [apiv2][status] GET https://firebase.googleapis.com/v1beta1/projects/knockknock-8e41d 200
[debug] [2024-06-06T17:27:32.212Z] <<< [apiv2][body] GET https://firebase.googleapis.com/v1beta1/projects/knockknock-8e41d {"projectId":"knockknock-8e41d","projectNumber":"1076360344718","displayName":"KnockKnock","name":"projects/knockknock-8e41d","resources":{"hostingSite":"knockknock-8e41d"},"state":"ACTIVE","etag":"1_7470d72b-f8c3-4464-850f-29452db610bf"}
[info] i  functions: preparing codebase default for deployment 
[info] i  functions: ensuring required API cloudfunctions.googleapis.com is enabled... 
[info] i  functions: ensuring required API cloudbuild.googleapis.com is enabled... 
[info] i  artifactregistry: ensuring required API artifactregistry.googleapis.com is enabled... 
[debug] [2024-06-06T17:27:32.215Z] >>> [apiv2][query] GET https://serviceusage.googleapis.com/v1/projects/knockknock-8e41d/services/cloudfunctions.googleapis.com [none]
[debug] [2024-06-06T17:27:32.215Z] >>> [apiv2][(partial)header] GET https://serviceusage.googleapis.com/v1/projects/knockknock-8e41d/services/cloudfunctions.googleapis.com x-goog-quota-user=projects/knockknock-8e41d
[debug] [2024-06-06T17:27:32.217Z] >>> [apiv2][query] GET https://serviceusage.googleapis.com/v1/projects/knockknock-8e41d/services/runtimeconfig.googleapis.com [none]
[debug] [2024-06-06T17:27:32.217Z] >>> [apiv2][(partial)header] GET https://serviceusage.googleapis.com/v1/projects/knockknock-8e41d/services/runtimeconfig.googleapis.com x-goog-quota-user=projects/knockknock-8e41d
[debug] [2024-06-06T17:27:32.219Z] >>> [apiv2][query] GET https://serviceusage.googleapis.com/v1/projects/knockknock-8e41d/services/cloudbuild.googleapis.com [none]
[debug] [2024-06-06T17:27:32.219Z] >>> [apiv2][(partial)header] GET https://serviceusage.googleapis.com/v1/projects/knockknock-8e41d/services/cloudbuild.googleapis.com x-goog-quota-user=projects/knockknock-8e41d
[debug] [2024-06-06T17:27:32.220Z] >>> [apiv2][query] GET https://serviceusage.googleapis.com/v1/projects/knockknock-8e41d/services/artifactregistry.googleapis.com [none]
[debug] [2024-06-06T17:27:32.221Z] >>> [apiv2][(partial)header] GET https://serviceusage.googleapis.com/v1/projects/knockknock-8e41d/services/artifactregistry.googleapis.com x-goog-quota-user=projects/knockknock-8e41d
[debug] [2024-06-06T17:27:32.692Z] <<< [apiv2][status] GET https://serviceusage.googleapis.com/v1/projects/knockknock-8e41d/services/cloudfunctions.googleapis.com 200
[debug] [2024-06-06T17:27:32.693Z] <<< [apiv2][body] GET https://serviceusage.googleapis.com/v1/projects/knockknock-8e41d/services/cloudfunctions.googleapis.com [omitted]
[info] ✔  functions: required API cloudfunctions.googleapis.com is enabled 
[debug] [2024-06-06T17:27:33.299Z] <<< [apiv2][status] GET https://serviceusage.googleapis.com/v1/projects/knockknock-8e41d/services/cloudbuild.googleapis.com 200
[debug] [2024-06-06T17:27:33.299Z] <<< [apiv2][body] GET https://serviceusage.googleapis.com/v1/projects/knockknock-8e41d/services/cloudbuild.googleapis.com [omitted]
[warn] ⚠  functions: missing required API cloudbuild.googleapis.com. Enabling now... 
[debug] [2024-06-06T17:27:33.300Z] >>> [apiv2][query] POST https://serviceusage.googleapis.com/v1/projects/knockknock-8e41d/services/cloudbuild.googleapis.com:enable [none]
[debug] [2024-06-06T17:27:33.300Z] >>> [apiv2][(partial)header] POST https://serviceusage.googleapis.com/v1/projects/knockknock-8e41d/services/cloudbuild.googleapis.com:enable x-goog-quota-user=projects/knockknock-8e41d
[debug] [2024-06-06T17:27:33.315Z] <<< [apiv2][status] GET https://serviceusage.googleapis.com/v1/projects/knockknock-8e41d/services/artifactregistry.googleapis.com 200
[debug] [2024-06-06T17:27:33.316Z] <<< [apiv2][body] GET https://serviceusage.googleapis.com/v1/projects/knockknock-8e41d/services/artifactregistry.googleapis.com [omitted]
[warn] ⚠  artifactregistry: missing required API artifactregistry.googleapis.com. Enabling now... 
[debug] [2024-06-06T17:27:33.316Z] >>> [apiv2][query] POST https://serviceusage.googleapis.com/v1/projects/knockknock-8e41d/services/artifactregistry.googleapis.com:enable [none]
[debug] [2024-06-06T17:27:33.316Z] >>> [apiv2][(partial)header] POST https://serviceusage.googleapis.com/v1/projects/knockknock-8e41d/services/artifactregistry.googleapis.com:enable x-goog-quota-user=projects/knockknock-8e41d
[debug] [2024-06-06T17:27:33.323Z] <<< [apiv2][status] GET https://serviceusage.googleapis.com/v1/projects/knockknock-8e41d/services/runtimeconfig.googleapis.com 200
[debug] [2024-06-06T17:27:33.323Z] <<< [apiv2][body] GET https://serviceusage.googleapis.com/v1/projects/knockknock-8e41d/services/runtimeconfig.googleapis.com [omitted]
[debug] [2024-06-06T17:27:34.623Z] <<< [apiv2][status] POST https://serviceusage.googleapis.com/v1/projects/knockknock-8e41d/services/cloudbuild.googleapis.com:enable 200
[debug] [2024-06-06T17:27:34.623Z] <<< [apiv2][body] POST https://serviceusage.googleapis.com/v1/projects/knockknock-8e41d/services/cloudbuild.googleapis.com:enable [omitted]
[debug] [2024-06-06T17:27:34.631Z] <<< [apiv2][status] POST https://serviceusage.googleapis.com/v1/projects/knockknock-8e41d/services/artifactregistry.googleapis.com:enable 200
[debug] [2024-06-06T17:27:34.631Z] <<< [apiv2][body] POST https://serviceusage.googleapis.com/v1/projects/knockknock-8e41d/services/artifactregistry.googleapis.com:enable [omitted]
[debug] [2024-06-06T17:27:44.629Z] >>> [apiv2][query] GET https://serviceusage.googleapis.com/v1/projects/knockknock-8e41d/services/cloudbuild.googleapis.com [none]
[debug] [2024-06-06T17:27:44.629Z] >>> [apiv2][(partial)header] GET https://serviceusage.googleapis.com/v1/projects/knockknock-8e41d/services/cloudbuild.googleapis.com x-goog-quota-user=projects/knockknock-8e41d
[debug] [2024-06-06T17:27:44.633Z] >>> [apiv2][query] GET https://serviceusage.googleapis.com/v1/projects/knockknock-8e41d/services/artifactregistry.googleapis.com [none]
[debug] [2024-06-06T17:27:44.633Z] >>> [apiv2][(partial)header] GET https://serviceusage.googleapis.com/v1/projects/knockknock-8e41d/services/artifactregistry.googleapis.com x-goog-quota-user=projects/knockknock-8e41d
[debug] [2024-06-06T17:27:45.731Z] <<< [apiv2][status] GET https://serviceusage.googleapis.com/v1/projects/knockknock-8e41d/services/cloudbuild.googleapis.com 200
[debug] [2024-06-06T17:27:45.731Z] <<< [apiv2][body] GET https://serviceusage.googleapis.com/v1/projects/knockknock-8e41d/services/cloudbuild.googleapis.com [omitted]
[info] ✔  functions: required API cloudbuild.googleapis.com is enabled 
[debug] [2024-06-06T17:27:45.748Z] <<< [apiv2][status] GET https://serviceusage.googleapis.com/v1/projects/knockknock-8e41d/services/artifactregistry.googleapis.com 200
[debug] [2024-06-06T17:27:45.749Z] <<< [apiv2][body] GET https://serviceusage.googleapis.com/v1/projects/knockknock-8e41d/services/artifactregistry.googleapis.com [omitted]
[info] ✔  artifactregistry: required API artifactregistry.googleapis.com is enabled 
[debug] [2024-06-06T17:27:45.752Z] >>> [apiv2][query] GET https://firebase.googleapis.com/v1beta1/projects/knockknock-8e41d/adminSdkConfig [none]
[debug] [2024-06-06T17:27:46.007Z] <<< [apiv2][status] GET https://firebase.googleapis.com/v1beta1/projects/knockknock-8e41d/adminSdkConfig 200
[debug] [2024-06-06T17:27:46.007Z] <<< [apiv2][body] GET https://firebase.googleapis.com/v1beta1/projects/knockknock-8e41d/adminSdkConfig {"projectId":"knockknock-8e41d","storageBucket":"knockknock-8e41d.appspot.com"}
[debug] [2024-06-06T17:27:46.008Z] >>> [apiv2][query] GET https://runtimeconfig.googleapis.com/v1beta1/projects/knockknock-8e41d/configs [none]
[debug] [2024-06-06T17:27:47.037Z] <<< [apiv2][status] GET https://runtimeconfig.googleapis.com/v1beta1/projects/knockknock-8e41d/configs 200
[debug] [2024-06-06T17:27:47.037Z] <<< [apiv2][body] GET https://runtimeconfig.googleapis.com/v1beta1/projects/knockknock-8e41d/configs {}
[debug] [2024-06-06T17:27:47.040Z] Validating nodejs source
[debug] [2024-06-06T17:27:48.034Z] > [functions] package.json contents: {
  "name": "functions",
  "description": "Cloud Functions for Firebase",
  "scripts": {
    "lint": "eslint .",
    "serve": "firebase emulators:start --only functions",
    "shell": "firebase functions:shell",
    "start": "npm run shell",
    "deploy": "firebase deploy --only functions",
    "logs": "firebase functions:log"
  },
  "engines": {
    "node": "18"
  },
  "main": "index.js",
  "dependencies": {
    "firebase-admin": "^12.1.0",
    "firebase-functions": "^5.0.0"
  },
  "devDependencies": {
    "eslint": "^8.15.0",
    "eslint-config-google": "^0.14.0",
    "firebase-functions-test": "^3.1.0"
  },
  "private": true
}
[debug] [2024-06-06T17:27:48.034Z] Building nodejs source
[info] i  functions: Loading and analyzing source code for codebase default to determine what to deploy 
[debug] [2024-06-06T17:27:48.036Z] Could not find functions.yaml. Must use http discovery
[debug] [2024-06-06T17:27:48.042Z] Found firebase-functions binary at '/home/darren/Development/Ana/knockknockcave/functions/node_modules/.bin/firebase-functions'
[info] Serving at port 8058

[debug] [2024-06-06T17:27:48.220Z] Got response from /__/functions.yaml {"endpoints":{"addnumbers":{"availableMemoryMb":null,"timeoutSeconds":null,"minInstances":null,"maxInstances":null,"ingressSettings":null,"concurrency":null,"serviceAccountEmail":null,"vpc":null,"platform":"gcfv2","labels":{},"callableTrigger":{},"entryPoint":"addnumbers"}},"specVersion":"v1alpha1","requiredAPIs":[]}
[info] i  functions: preparing functions directory for uploading... 
[info] i  functions: packaged /home/darren/Development/Ana/knockknockcave/functions (73.28 KB) for uploading 
[debug] [2024-06-06T17:27:53.307Z] >>> [apiv2][query] GET https://cloudfunctions.googleapis.com/v1/projects/knockknock-8e41d/locations/-/functions [none]
[debug] [2024-06-06T17:27:54.064Z] <<< [apiv2][status] GET https://cloudfunctions.googleapis.com/v1/projects/knockknock-8e41d/locations/-/functions 200
[debug] [2024-06-06T17:27:54.065Z] <<< [apiv2][body] GET https://cloudfunctions.googleapis.com/v1/projects/knockknock-8e41d/locations/-/functions {}
[debug] [2024-06-06T17:27:54.067Z] >>> [apiv2][query] GET https://cloudfunctions.googleapis.com/v2/projects/knockknock-8e41d/locations/-/functions filter=environment%3D%22GEN_2%22
[debug] [2024-06-06T17:27:55.261Z] <<< [apiv2][status] GET https://cloudfunctions.googleapis.com/v2/projects/knockknock-8e41d/locations/-/functions 200
[debug] [2024-06-06T17:27:55.261Z] <<< [apiv2][body] GET https://cloudfunctions.googleapis.com/v2/projects/knockknock-8e41d/locations/-/functions {}
[info] i  functions: ensuring required API run.googleapis.com is enabled... 
[info] i  functions: ensuring required API eventarc.googleapis.com is enabled... 
[info] i  functions: ensuring required API pubsub.googleapis.com is enabled... 
[info] i  functions: ensuring required API storage.googleapis.com is enabled... 
[debug] [2024-06-06T17:27:55.265Z] >>> [apiv2][query] GET https://serviceusage.googleapis.com/v1/projects/knockknock-8e41d/services/run.googleapis.com [none]
[debug] [2024-06-06T17:27:55.265Z] >>> [apiv2][(partial)header] GET https://serviceusage.googleapis.com/v1/projects/knockknock-8e41d/services/run.googleapis.com x-goog-quota-user=projects/knockknock-8e41d
[debug] [2024-06-06T17:27:55.269Z] >>> [apiv2][query] GET https://serviceusage.googleapis.com/v1/projects/knockknock-8e41d/services/eventarc.googleapis.com [none]
[debug] [2024-06-06T17:27:55.269Z] >>> [apiv2][(partial)header] GET https://serviceusage.googleapis.com/v1/projects/knockknock-8e41d/services/eventarc.googleapis.com x-goog-quota-user=projects/knockknock-8e41d
[debug] [2024-06-06T17:27:55.273Z] >>> [apiv2][query] GET https://serviceusage.googleapis.com/v1/projects/knockknock-8e41d/services/pubsub.googleapis.com [none]
[debug] [2024-06-06T17:27:55.273Z] >>> [apiv2][(partial)header] GET https://serviceusage.googleapis.com/v1/projects/knockknock-8e41d/services/pubsub.googleapis.com x-goog-quota-user=projects/knockknock-8e41d
[debug] [2024-06-06T17:27:55.276Z] >>> [apiv2][query] GET https://serviceusage.googleapis.com/v1/projects/knockknock-8e41d/services/storage.googleapis.com [none]
[debug] [2024-06-06T17:27:55.277Z] >>> [apiv2][(partial)header] GET https://serviceusage.googleapis.com/v1/projects/knockknock-8e41d/services/storage.googleapis.com x-goog-quota-user=projects/knockknock-8e41d
[debug] [2024-06-06T17:27:56.365Z] <<< [apiv2][status] GET https://serviceusage.googleapis.com/v1/projects/knockknock-8e41d/services/run.googleapis.com 200
[debug] [2024-06-06T17:27:56.365Z] <<< [apiv2][body] GET https://serviceusage.googleapis.com/v1/projects/knockknock-8e41d/services/run.googleapis.com [omitted]
[warn] ⚠  functions: missing required API run.googleapis.com. Enabling now... 
[debug] [2024-06-06T17:27:56.365Z] >>> [apiv2][query] POST https://serviceusage.googleapis.com/v1/projects/knockknock-8e41d/services/run.googleapis.com:enable [none]
[debug] [2024-06-06T17:27:56.365Z] >>> [apiv2][(partial)header] POST https://serviceusage.googleapis.com/v1/projects/knockknock-8e41d/services/run.googleapis.com:enable x-goog-quota-user=projects/knockknock-8e41d
[debug] [2024-06-06T17:27:56.372Z] <<< [apiv2][status] GET https://serviceusage.googleapis.com/v1/projects/knockknock-8e41d/services/eventarc.googleapis.com 200
[debug] [2024-06-06T17:27:56.373Z] <<< [apiv2][body] GET https://serviceusage.googleapis.com/v1/projects/knockknock-8e41d/services/eventarc.googleapis.com [omitted]
[warn] ⚠  functions: missing required API eventarc.googleapis.com. Enabling now... 
[debug] [2024-06-06T17:27:56.374Z] >>> [apiv2][query] POST https://serviceusage.googleapis.com/v1/projects/knockknock-8e41d/services/eventarc.googleapis.com:enable [none]
[debug] [2024-06-06T17:27:56.374Z] >>> [apiv2][(partial)header] POST https://serviceusage.googleapis.com/v1/projects/knockknock-8e41d/services/eventarc.googleapis.com:enable x-goog-quota-user=projects/knockknock-8e41d
[debug] [2024-06-06T17:27:56.377Z] <<< [apiv2][status] GET https://serviceusage.googleapis.com/v1/projects/knockknock-8e41d/services/pubsub.googleapis.com 200
[debug] [2024-06-06T17:27:56.378Z] <<< [apiv2][body] GET https://serviceusage.googleapis.com/v1/projects/knockknock-8e41d/services/pubsub.googleapis.com [omitted]
[info] ✔  functions: required API pubsub.googleapis.com is enabled 
[debug] [2024-06-06T17:27:56.389Z] <<< [apiv2][status] GET https://serviceusage.googleapis.com/v1/projects/knockknock-8e41d/services/storage.googleapis.com 200
[debug] [2024-06-06T17:27:56.390Z] <<< [apiv2][body] GET https://serviceusage.googleapis.com/v1/projects/knockknock-8e41d/services/storage.googleapis.com [omitted]
[info] ✔  functions: required API storage.googleapis.com is enabled 
[debug] [2024-06-06T17:27:57.488Z] <<< [apiv2][status] POST https://serviceusage.googleapis.com/v1/projects/knockknock-8e41d/services/run.googleapis.com:enable 200
[debug] [2024-06-06T17:27:57.489Z] <<< [apiv2][body] POST https://serviceusage.googleapis.com/v1/projects/knockknock-8e41d/services/run.googleapis.com:enable [omitted]
[debug] [2024-06-06T17:27:57.631Z] <<< [apiv2][status] POST https://serviceusage.googleapis.com/v1/projects/knockknock-8e41d/services/eventarc.googleapis.com:enable 200
[debug] [2024-06-06T17:27:57.631Z] <<< [apiv2][body] POST https://serviceusage.googleapis.com/v1/projects/knockknock-8e41d/services/eventarc.googleapis.com:enable [omitted]
[debug] [2024-06-06T17:28:07.494Z] >>> [apiv2][query] GET https://serviceusage.googleapis.com/v1/projects/knockknock-8e41d/services/run.googleapis.com [none]
[debug] [2024-06-06T17:28:07.495Z] >>> [apiv2][(partial)header] GET https://serviceusage.googleapis.com/v1/projects/knockknock-8e41d/services/run.googleapis.com x-goog-quota-user=projects/knockknock-8e41d
[debug] [2024-06-06T17:28:07.632Z] >>> [apiv2][query] GET https://serviceusage.googleapis.com/v1/projects/knockknock-8e41d/services/eventarc.googleapis.com [none]
[debug] [2024-06-06T17:28:07.633Z] >>> [apiv2][(partial)header] GET https://serviceusage.googleapis.com/v1/projects/knockknock-8e41d/services/eventarc.googleapis.com x-goog-quota-user=projects/knockknock-8e41d
[debug] [2024-06-06T17:28:08.573Z] <<< [apiv2][status] GET https://serviceusage.googleapis.com/v1/projects/knockknock-8e41d/services/run.googleapis.com 200
[debug] [2024-06-06T17:28:08.573Z] <<< [apiv2][body] GET https://serviceusage.googleapis.com/v1/projects/knockknock-8e41d/services/run.googleapis.com [omitted]
[info] ✔  functions: required API run.googleapis.com is enabled 
[debug] [2024-06-06T17:28:08.679Z] <<< [apiv2][status] GET https://serviceusage.googleapis.com/v1/projects/knockknock-8e41d/services/eventarc.googleapis.com 200
[debug] [2024-06-06T17:28:08.679Z] <<< [apiv2][body] GET https://serviceusage.googleapis.com/v1/projects/knockknock-8e41d/services/eventarc.googleapis.com [omitted]
[info] ✔  functions: required API eventarc.googleapis.com is enabled 
[info] i  functions: generating the service identity for pubsub.googleapis.com... 
[info] i  functions: generating the service identity for eventarc.googleapis.com... 
[debug] [2024-06-06T17:28:08.681Z] >>> [apiv2][query] POST https://serviceusage.googleapis.com/v1beta1/projects/1076360344718/services/pubsub.googleapis.com:generateServiceIdentity [none]
[debug] [2024-06-06T17:28:08.682Z] >>> [apiv2][query] POST https://serviceusage.googleapis.com/v1beta1/projects/1076360344718/services/eventarc.googleapis.com:generateServiceIdentity [none]
[debug] [2024-06-06T17:28:10.214Z] <<< [apiv2][status] POST https://serviceusage.googleapis.com/v1beta1/projects/1076360344718/services/eventarc.googleapis.com:generateServiceIdentity 200
[debug] [2024-06-06T17:28:10.215Z] <<< [apiv2][body] POST https://serviceusage.googleapis.com/v1beta1/projects/1076360344718/services/eventarc.googleapis.com:generateServiceIdentity {"name":"operations/finished.DONE_OPERATION","done":true,"response":{"@type":"type.googleapis.com/google.api.serviceusage.v1beta1.ServiceIdentity","email":"service-1076360344718@gcp-sa-eventarc.iam.gserviceaccount.com","uniqueId":"100612584786521109494"}}
[debug] [2024-06-06T17:28:10.233Z] <<< [apiv2][status] POST https://serviceusage.googleapis.com/v1beta1/projects/1076360344718/services/pubsub.googleapis.com:generateServiceIdentity 200
[debug] [2024-06-06T17:28:10.233Z] <<< [apiv2][body] POST https://serviceusage.googleapis.com/v1beta1/projects/1076360344718/services/pubsub.googleapis.com:generateServiceIdentity {"name":"operations/finished.DONE_OPERATION","done":true,"response":{"@type":"type.googleapis.com/google.api.serviceusage.v1beta1.ServiceIdentity","email":"service-1076360344718@gcp-sa-pubsub.iam.gserviceaccount.com","uniqueId":"106609689783960168923"}}
[debug] [2024-06-06T17:28:10.237Z] >>> [apiv2][query] GET https://firebase.googleapis.com/v1beta1/projects/knockknock-8e41d [none]
[debug] [2024-06-06T17:28:10.519Z] <<< [apiv2][status] GET https://firebase.googleapis.com/v1beta1/projects/knockknock-8e41d 200
[debug] [2024-06-06T17:28:10.519Z] <<< [apiv2][body] GET https://firebase.googleapis.com/v1beta1/projects/knockknock-8e41d {"projectId":"knockknock-8e41d","projectNumber":"1076360344718","displayName":"KnockKnock","name":"projects/knockknock-8e41d","resources":{"hostingSite":"knockknock-8e41d"},"state":"ACTIVE","etag":"1_7470d72b-f8c3-4464-850f-29452db610bf"}
[debug] [2024-06-06T17:28:10.521Z] >>> [apiv2][query] POST https://firebasehosting.googleapis.com/v1beta1/projects/-/sites/knockknock-8e41d/versions [none]
[debug] [2024-06-06T17:28:10.521Z] >>> [apiv2][body] POST https://firebasehosting.googleapis.com/v1beta1/projects/-/sites/knockknock-8e41d/versions {"status":"CREATED","labels":{"deployment-tool":"cli-firebase"}}
[debug] [2024-06-06T17:28:11.772Z] <<< [apiv2][status] POST https://firebasehosting.googleapis.com/v1beta1/projects/-/sites/knockknock-8e41d/versions 200
[debug] [2024-06-06T17:28:11.772Z] <<< [apiv2][body] POST https://firebasehosting.googleapis.com/v1beta1/projects/-/sites/knockknock-8e41d/versions {"name":"projects/1076360344718/sites/knockknock-8e41d/versions/01ed4817cb0273db","status":"CREATED","config":{},"labels":{"deployment-tool":"cli-firebase"}}
[debug] [2024-06-06T17:28:11.774Z] >>> [apiv2][query] POST https://cloudfunctions.googleapis.com/v2/projects/knockknock-8e41d/locations/us-central1/functions:generateUploadUrl [none]
[debug] [2024-06-06T17:28:14.923Z] <<< [apiv2][status] POST https://cloudfunctions.googleapis.com/v2/projects/knockknock-8e41d/locations/us-central1/functions:generateUploadUrl 200
[debug] [2024-06-06T17:28:14.923Z] <<< [apiv2][body] POST https://cloudfunctions.googleapis.com/v2/projects/knockknock-8e41d/locations/us-central1/functions:generateUploadUrl {"uploadUrl":"https://storage.googleapis.com/gcf-v2-uploads-1076360344718-us-central1/24692534-42b4-4823-920a-fb48811ff77b.zip?GoogleAccessId=service-1076360344718@gcf-admin-robot.iam.gserviceaccount.com&Expires=1717696697&Signature=02MPjpwUlolKA5S3KWzKLXun8Dn9Ddl%2BpAXFzQKF51Vt452w89S3ILrej5wzIif7ZpLj2gULN2ezY%2FcR2PatrVzOODP0ftmu3n9bo1n1iyN5P6NgC%2F3iTLrGe4vnfLKO15suhi0LFuj%2B8t76USn%2FFl9N6ygBrKLJedS0bmEW1m1Y%2BzXJSXw6YXQGQa%2BSvR6w4w6FrYX%2BvZI1dsz4YMRk2YKi9ngoBw0ZxoOkOWVeypuPgZx44QJS6lO9zFHf4kqf09yhOlzCdZMwujfxkH1IGpxczefWa6EhtpB3EhLludaKk7rIEKzekrHlxXmHrWxWRRGNGoncqBdL04ULeTS%2FmA%3D%3D","storageSource":{"bucket":"gcf-v2-uploads-1076360344718-us-central1","object":"24692534-42b4-4823-920a-fb48811ff77b.zip"}}
[debug] [2024-06-06T17:28:14.925Z] >>> [apiv2][query] PUT https://storage.googleapis.com/gcf-v2-uploads-1076360344718-us-central1/24692534-42b4-4823-920a-fb48811ff77b.zip GoogleAccessId=service-1076360344718%40gcf-admin-robot.iam.gserviceaccount.com&Expires=1717696697&Signature=02MPjpwUlolKA5S3KWzKLXun8Dn9Ddl%2BpAXFzQKF51Vt452w89S3ILrej5wzIif7ZpLj2gULN2ezY%2FcR2PatrVzOODP0ftmu3n9bo1n1iyN5P6NgC%2F3iTLrGe4vnfLKO15suhi0LFuj%2B8t76USn%2FFl9N6ygBrKLJedS0bmEW1m1Y%2BzXJSXw6YXQGQa%2BSvR6w4w6FrYX%2BvZI1dsz4YMRk2YKi9ngoBw0ZxoOkOWVeypuPgZx44QJS6lO9zFHf4kqf09yhOlzCdZMwujfxkH1IGpxczefWa6EhtpB3EhLludaKk7rIEKzekrHlxXmHrWxWRRGNGoncqBdL04ULeTS%2FmA%3D%3D
[debug] [2024-06-06T17:28:14.925Z] >>> [apiv2][body] PUT https://storage.googleapis.com/gcf-v2-uploads-1076360344718-us-central1/24692534-42b4-4823-920a-fb48811ff77b.zip [stream]
[debug] [2024-06-06T17:28:15.689Z] <<< [apiv2][status] PUT https://storage.googleapis.com/gcf-v2-uploads-1076360344718-us-central1/24692534-42b4-4823-920a-fb48811ff77b.zip 200
[debug] [2024-06-06T17:28:15.689Z] <<< [apiv2][body] PUT https://storage.googleapis.com/gcf-v2-uploads-1076360344718-us-central1/24692534-42b4-4823-920a-fb48811ff77b.zip [omitted]
[info] ✔  functions: functions folder uploaded successfully 
[info] i  hosting[knockknock-8e41d]: beginning deploy... 
[info] i  hosting[knockknock-8e41d]: found 9 files in public 
[debug] [2024-06-06T17:28:15.698Z] [hosting] uploading with 200 concurrency
[debug] [2024-06-06T17:28:15.814Z] [hosting] hash cache [cHVibGlj] stored for 9 files
[debug] [2024-06-06T17:28:15.815Z] [hosting][hash queue][FINAL] {"max":109,"min":1,"avg":14.333333333333334,"active":0,"complete":9,"success":9,"errored":0,"retried":0,"total":9,"elapsed":113}
[debug] [2024-06-06T17:28:15.815Z] >>> [apiv2][query] POST https://firebasehosting.googleapis.com/v1beta1/projects/1076360344718/sites/knockknock-8e41d/versions/01ed4817cb0273db:populateFiles [none]
[debug] [2024-06-06T17:28:15.816Z] >>> [apiv2][body] POST https://firebasehosting.googleapis.com/v1beta1/projects/1076360344718/sites/knockknock-8e41d/versions/01ed4817cb0273db:populateFiles {"files":{"/404.html":"6537619fa0edb6a05c3fa83265461172fea2307ecff34424f323310c8c8eb4be","/assets/cavetech.png":"cfdb456cad8fffbe4a9f891247d9a9437560eaa6369de8d88edfce7fd7264de2","/assets/cavetech_cropped.png":"535a12858cdbdf01b0bc15b52981a16a01e194f83e88003c9f3278a1ddf178bc","/assets/makermesh.png":"be875748c7f5cdbfff3affa91188ca008e7c025a7623a176402fdf2ab0e0edc5","/css/reset.css":"67335c17d11439f1422383a2c84e20ee87393dc4636542a90abc10c14f58be8d","/css/styles.css":"387ecfdd8104e47c53e3e214c3e5bb57ca4da7efad25ab17ea5fac5156c3ee22","/index.html":"2dfb511ef02de93fdc68cc6510d42a9912832053b7542e10f8e4c69d30ff857e","/js/index.js":"11555775752a7ee114a19a95c66a07c8df90409f04fd2cd5b642c72475fd8e7c","/bundle.js":"ca0890e7f2a96d5d1e4c57f38b4d9f90679141cbfea01c7b52b33687ee226dff"}}
[debug] [2024-06-06T17:28:16.068Z] <<< [apiv2][status] POST https://firebasehosting.googleapis.com/v1beta1/projects/1076360344718/sites/knockknock-8e41d/versions/01ed4817cb0273db:populateFiles 200
[debug] [2024-06-06T17:28:16.069Z] <<< [apiv2][body] POST https://firebasehosting.googleapis.com/v1beta1/projects/1076360344718/sites/knockknock-8e41d/versions/01ed4817cb0273db:populateFiles {"uploadRequiredHashes":["2dfb511ef02de93fdc68cc6510d42a9912832053b7542e10f8e4c69d30ff857e"],"uploadUrl":"https://upload-firebasehosting.googleapis.com/upload/sites/knockknock-8e41d/versions/01ed4817cb0273db/files"}
[debug] [2024-06-06T17:28:16.070Z] >>> [apiv2][query] POST https://upload-firebasehosting.googleapis.com/upload/sites/knockknock-8e41d/versions/01ed4817cb0273db/files/2dfb511ef02de93fdc68cc6510d42a9912832053b7542e10f8e4c69d30ff857e [none]
[debug] [2024-06-06T17:28:16.070Z] >>> [apiv2][body] POST https://upload-firebasehosting.googleapis.com/upload/sites/knockknock-8e41d/versions/01ed4817cb0273db/files/2dfb511ef02de93fdc68cc6510d42a9912832053b7542e10f8e4c69d30ff857e [stream]
[debug] [2024-06-06T17:28:16.072Z] [hosting][populate queue][FINAL] {"max":257,"min":257,"avg":257,"active":0,"complete":1,"success":1,"errored":0,"retried":0,"total":1,"elapsed":259}
[debug] [2024-06-06T17:28:16.072Z] [hosting] uploads queued: 1
[debug] [2024-06-06T17:28:17.606Z] <<< [apiv2][status] POST https://upload-firebasehosting.googleapis.com/upload/sites/knockknock-8e41d/versions/01ed4817cb0273db/files/2dfb511ef02de93fdc68cc6510d42a9912832053b7542e10f8e4c69d30ff857e 200
[debug] [2024-06-06T17:28:17.606Z] <<< [apiv2][body] POST https://upload-firebasehosting.googleapis.com/upload/sites/knockknock-8e41d/versions/01ed4817cb0273db/files/2dfb511ef02de93fdc68cc6510d42a9912832053b7542e10f8e4c69d30ff857e [stream]
[debug] [2024-06-06T17:28:17.607Z] [hosting][upload queue][FINAL] {"max":1537,"min":1537,"avg":1537,"active":0,"complete":1,"success":1,"errored":0,"retried":0,"total":1,"elapsed":1538}
[info] ✔  hosting[knockknock-8e41d]: file upload complete 
[debug] [2024-06-06T17:28:17.608Z] [hosting] deploy completed after 1916ms
[info] i  functions: creating Node.js 18 (2nd Gen) function addnumbers(us-central1)... 
[debug] [2024-06-06T17:28:17.612Z] >>> [apiv2][query] POST https://cloudfunctions.googleapis.com/v2/projects/knockknock-8e41d/locations/us-central1/functions functionId=addnumbers
[debug] [2024-06-06T17:28:17.613Z] >>> [apiv2][body] POST https://cloudfunctions.googleapis.com/v2/projects/knockknock-8e41d/locations/us-central1/functions {"name":"projects/knockknock-8e41d/locations/us-central1/functions/addnumbers","buildConfig":{"runtime":"nodejs18","entryPoint":"addnumbers","source":{"storageSource":{"bucket":"gcf-v2-uploads-1076360344718-us-central1","object":"24692534-42b4-4823-920a-fb48811ff77b.zip"}},"environmentVariables":{"GOOGLE_NODE_RUN_SCRIPTS":""}},"serviceConfig":{"environmentVariables":{"FIREBASE_CONFIG":"{\"projectId\":\"knockknock-8e41d\",\"storageBucket\":\"knockknock-8e41d.appspot.com\"}","GCLOUD_PROJECT":"knockknock-8e41d","EVENTARC_CLOUD_EVENT_SOURCE":"projects/knockknock-8e41d/locations/us-central1/services/addnumbers","FUNCTION_TARGET":"addnumbers"},"ingressSettings":null,"timeoutSeconds":null,"serviceAccountEmail":null,"availableMemory":"256Mi","minInstanceCount":null,"maxInstanceCount":null,"maxInstanceRequestConcurrency":80,"availableCpu":"1","vpcConnector":null,"vpcConnectorEgressSettings":null},"labels":{"deployment-tool":"cli-firebase","deployment-callable":"true","firebase-functions-hash":"b22546ddb24694793ee480890c86589a12368f81"}}
[debug] [2024-06-06T17:28:20.094Z] <<< [apiv2][status] POST https://cloudfunctions.googleapis.com/v2/projects/knockknock-8e41d/locations/us-central1/functions 200
[debug] [2024-06-06T17:28:20.094Z] <<< [apiv2][body] POST https://cloudfunctions.googleapis.com/v2/projects/knockknock-8e41d/locations/us-central1/functions {"name":"projects/knockknock-8e41d/locations/us-central1/operations/operation-1717694900795-61a3c0264fa1b-6dd7fbc5-5680f0f8","metadata":{"@type":"type.googleapis.com/google.cloud.functions.v2.OperationMetadata","createTime":"2024-06-06T17:28:22.299253610Z","target":"projects/knockknock-8e41d/locations/us-central1/functions/addnumbers","verb":"create","cancelRequested":false,"apiVersion":"v2"},"done":false}
[debug] [2024-06-06T17:28:20.095Z] >>> [apiv2][query] GET https://cloudfunctions.googleapis.com/v2/projects/knockknock-8e41d/locations/us-central1/operations/operation-1717694900795-61a3c0264fa1b-6dd7fbc5-5680f0f8 [none]
[debug] [2024-06-06T17:28:21.033Z] <<< [apiv2][status] GET https://cloudfunctions.googleapis.com/v2/projects/knockknock-8e41d/locations/us-central1/operations/operation-1717694900795-61a3c0264fa1b-6dd7fbc5-5680f0f8 200
[debug] [2024-06-06T17:28:21.034Z] <<< [apiv2][body] GET https://cloudfunctions.googleapis.com/v2/projects/knockknock-8e41d/locations/us-central1/operations/operation-1717694900795-61a3c0264fa1b-6dd7fbc5-5680f0f8 {"name":"projects/knockknock-8e41d/locations/us-central1/operations/operation-1717694900795-61a3c0264fa1b-6dd7fbc5-5680f0f8","metadata":{"@type":"type.googleapis.com/google.cloud.functions.v2.OperationMetadata","createTime":"2024-06-06T17:28:22.299253610Z","target":"projects/knockknock-8e41d/locations/us-central1/functions/addnumbers","verb":"create","cancelRequested":false,"apiVersion":"v2","requestResource":{"@type":"type.googleapis.com/google.cloud.functions.v2.Function","name":"projects/knockknock-8e41d/locations/us-central1/functions/addnumbers","buildConfig":{"runtime":"nodejs18","entryPoint":"addnumbers","source":{"storageSource":{"bucket":"gcf-v2-sources-1076360344718-us-central1","object":"addnumbers/function-source.zip","generation":"1717694901917887"}},"environmentVariables":{"GOOGLE_NODE_RUN_SCRIPTS":""}},"serviceConfig":{"service":"projects/knockknock-8e41d/locations/us-central1/services/addnumbers","timeoutSeconds":60,"environmentVariables":{"FIREBASE_CONFIG":"{\"projectId\":\"knockknock-8e41d\",\"storageBucket\":\"knockknock-8e41d.appspot.com\"}","GCLOUD_PROJECT":"knockknock-8e41d","EVENTARC_CLOUD_EVENT_SOURCE":"projects/knockknock-8e41d/locations/us-central1/services/addnumbers","FUNCTION_TARGET":"addnumbers"},"ingressSettings":"ALLOW_ALL","serviceAccountEmail":"1076360344718-compute@developer.gserviceaccount.com","availableMemory":"256Mi","maxInstanceRequestConcurrency":80,"availableCpu":"1"},"labels":{"deployment-tool":"cli-firebase","deployment-callable":"true","firebase-functions-hash":"b22546ddb24694793ee480890c86589a12368f81"},"environment":"GEN_2"},"stages":[{"name":"BUILD","state":"NOT_STARTED"},{"name":"SERVICE","state":"NOT_STARTED"}],"operationType":"CREATE_FUNCTION"},"done":false}
[debug] [2024-06-06T17:28:21.535Z] [create-default-us-central1-addnumbers] Retrying task index 0
[debug] [2024-06-06T17:28:21.536Z] >>> [apiv2][query] GET https://cloudfunctions.googleapis.com/v2/projects/knockknock-8e41d/locations/us-central1/operations/operation-1717694900795-61a3c0264fa1b-6dd7fbc5-5680f0f8 [none]
[debug] [2024-06-06T17:28:22.482Z] <<< [apiv2][status] GET https://cloudfunctions.googleapis.com/v2/projects/knockknock-8e41d/locations/us-central1/operations/operation-1717694900795-61a3c0264fa1b-6dd7fbc5-5680f0f8 200
[debug] [2024-06-06T17:28:22.482Z] <<< [apiv2][body] GET https://cloudfunctions.googleapis.com/v2/projects/knockknock-8e41d/locations/us-central1/operations/operation-1717694900795-61a3c0264fa1b-6dd7fbc5-5680f0f8 {"name":"projects/knockknock-8e41d/locations/us-central1/operations/operation-1717694900795-61a3c0264fa1b-6dd7fbc5-5680f0f8","metadata":{"@type":"type.googleapis.com/google.cloud.functions.v2.OperationMetadata","createTime":"2024-06-06T17:28:22.299253610Z","target":"projects/knockknock-8e41d/locations/us-central1/functions/addnumbers","verb":"create","cancelRequested":false,"apiVersion":"v2","requestResource":{"@type":"type.googleapis.com/google.cloud.functions.v2.Function","name":"projects/knockknock-8e41d/locations/us-central1/functions/addnumbers","buildConfig":{"runtime":"nodejs18","entryPoint":"addnumbers","source":{"storageSource":{"bucket":"gcf-v2-sources-1076360344718-us-central1","object":"addnumbers/function-source.zip","generation":"1717694901917887"}},"environmentVariables":{"GOOGLE_NODE_RUN_SCRIPTS":""}},"serviceConfig":{"service":"projects/knockknock-8e41d/locations/us-central1/services/addnumbers","timeoutSeconds":60,"environmentVariables":{"FIREBASE_CONFIG":"{\"projectId\":\"knockknock-8e41d\",\"storageBucket\":\"knockknock-8e41d.appspot.com\"}","GCLOUD_PROJECT":"knockknock-8e41d","EVENTARC_CLOUD_EVENT_SOURCE":"projects/knockknock-8e41d/locations/us-central1/services/addnumbers","FUNCTION_TARGET":"addnumbers"},"ingressSettings":"ALLOW_ALL","serviceAccountEmail":"1076360344718-compute@developer.gserviceaccount.com","availableMemory":"256Mi","maxInstanceRequestConcurrency":80,"availableCpu":"1"},"labels":{"deployment-tool":"cli-firebase","deployment-callable":"true","firebase-functions-hash":"b22546ddb24694793ee480890c86589a12368f81"},"environment":"GEN_2"},"stages":[{"name":"BUILD","state":"NOT_STARTED"},{"name":"SERVICE","state":"NOT_STARTED"}],"operationType":"CREATE_FUNCTION"},"done":false}
[debug] [2024-06-06T17:28:23.484Z] [create-default-us-central1-addnumbers] Retrying task index 0
[debug] [2024-06-06T17:28:23.484Z] >>> [apiv2][query] GET https://cloudfunctions.googleapis.com/v2/projects/knockknock-8e41d/locations/us-central1/operations/operation-1717694900795-61a3c0264fa1b-6dd7fbc5-5680f0f8 [none]
[debug] [2024-06-06T17:28:24.444Z] <<< [apiv2][status] GET https://cloudfunctions.googleapis.com/v2/projects/knockknock-8e41d/locations/us-central1/operations/operation-1717694900795-61a3c0264fa1b-6dd7fbc5-5680f0f8 200
[debug] [2024-06-06T17:28:24.444Z] <<< [apiv2][body] GET https://cloudfunctions.googleapis.com/v2/projects/knockknock-8e41d/locations/us-central1/operations/operation-1717694900795-61a3c0264fa1b-6dd7fbc5-5680f0f8 {"name":"projects/knockknock-8e41d/locations/us-central1/operations/operation-1717694900795-61a3c0264fa1b-6dd7fbc5-5680f0f8","metadata":{"@type":"type.googleapis.com/google.cloud.functions.v2.OperationMetadata","createTime":"2024-06-06T17:28:22.299253610Z","target":"projects/knockknock-8e41d/locations/us-central1/functions/addnumbers","verb":"create","cancelRequested":false,"apiVersion":"v2","requestResource":{"@type":"type.googleapis.com/google.cloud.functions.v2.Function","name":"projects/knockknock-8e41d/locations/us-central1/functions/addnumbers","buildConfig":{"runtime":"nodejs18","entryPoint":"addnumbers","source":{"storageSource":{"bucket":"gcf-v2-sources-1076360344718-us-central1","object":"addnumbers/function-source.zip","generation":"1717694901917887"}},"environmentVariables":{"GOOGLE_NODE_RUN_SCRIPTS":""}},"serviceConfig":{"service":"projects/knockknock-8e41d/locations/us-central1/services/addnumbers","timeoutSeconds":60,"environmentVariables":{"FIREBASE_CONFIG":"{\"projectId\":\"knockknock-8e41d\",\"storageBucket\":\"knockknock-8e41d.appspot.com\"}","GCLOUD_PROJECT":"knockknock-8e41d","EVENTARC_CLOUD_EVENT_SOURCE":"projects/knockknock-8e41d/locations/us-central1/services/addnumbers","FUNCTION_TARGET":"addnumbers"},"ingressSettings":"ALLOW_ALL","serviceAccountEmail":"1076360344718-compute@developer.gserviceaccount.com","availableMemory":"256Mi","maxInstanceRequestConcurrency":80,"availableCpu":"1"},"labels":{"deployment-tool":"cli-firebase","deployment-callable":"true","firebase-functions-hash":"b22546ddb24694793ee480890c86589a12368f81"},"environment":"GEN_2"},"stages":[{"name":"BUILD","state":"NOT_STARTED"},{"name":"SERVICE","state":"NOT_STARTED"}],"operationType":"CREATE_FUNCTION"},"done":false}
[debug] [2024-06-06T17:28:26.446Z] [create-default-us-central1-addnumbers] Retrying task index 0
[debug] [2024-06-06T17:28:26.447Z] >>> [apiv2][query] GET https://cloudfunctions.googleapis.com/v2/projects/knockknock-8e41d/locations/us-central1/operations/operation-1717694900795-61a3c0264fa1b-6dd7fbc5-5680f0f8 [none]
[debug] [2024-06-06T17:28:27.467Z] <<< [apiv2][status] GET https://cloudfunctions.googleapis.com/v2/projects/knockknock-8e41d/locations/us-central1/operations/operation-1717694900795-61a3c0264fa1b-6dd7fbc5-5680f0f8 200
[debug] [2024-06-06T17:28:27.467Z] <<< [apiv2][body] GET https://cloudfunctions.googleapis.com/v2/projects/knockknock-8e41d/locations/us-central1/operations/operation-1717694900795-61a3c0264fa1b-6dd7fbc5-5680f0f8 {"name":"projects/knockknock-8e41d/locations/us-central1/operations/operation-1717694900795-61a3c0264fa1b-6dd7fbc5-5680f0f8","metadata":{"@type":"type.googleapis.com/google.cloud.functions.v2.OperationMetadata","createTime":"2024-06-06T17:28:22.299253610Z","target":"projects/knockknock-8e41d/locations/us-central1/functions/addnumbers","verb":"create","cancelRequested":false,"apiVersion":"v2","requestResource":{"@type":"type.googleapis.com/google.cloud.functions.v2.Function","name":"projects/knockknock-8e41d/locations/us-central1/functions/addnumbers","buildConfig":{"runtime":"nodejs18","entryPoint":"addnumbers","source":{"storageSource":{"bucket":"gcf-v2-sources-1076360344718-us-central1","object":"addnumbers/function-source.zip","generation":"1717694901917887"}},"environmentVariables":{"GOOGLE_NODE_RUN_SCRIPTS":""}},"serviceConfig":{"service":"projects/knockknock-8e41d/locations/us-central1/services/addnumbers","timeoutSeconds":60,"environmentVariables":{"FIREBASE_CONFIG":"{\"projectId\":\"knockknock-8e41d\",\"storageBucket\":\"knockknock-8e41d.appspot.com\"}","GCLOUD_PROJECT":"knockknock-8e41d","EVENTARC_CLOUD_EVENT_SOURCE":"projects/knockknock-8e41d/locations/us-central1/services/addnumbers","FUNCTION_TARGET":"addnumbers"},"ingressSettings":"ALLOW_ALL","serviceAccountEmail":"1076360344718-compute@developer.gserviceaccount.com","availableMemory":"256Mi","maxInstanceRequestConcurrency":80,"availableCpu":"1"},"labels":{"deployment-tool":"cli-firebase","deployment-callable":"true","firebase-functions-hash":"b22546ddb24694793ee480890c86589a12368f81"},"environment":"GEN_2"},"stages":[{"name":"BUILD","state":"NOT_STARTED"},{"name":"SERVICE","state":"NOT_STARTED"}],"operationType":"CREATE_FUNCTION"},"done":false}
[debug] [2024-06-06T17:28:31.471Z] [create-default-us-central1-addnumbers] Retrying task index 0
[debug] [2024-06-06T17:28:31.472Z] >>> [apiv2][query] GET https://cloudfunctions.googleapis.com/v2/projects/knockknock-8e41d/locations/us-central1/operations/operation-1717694900795-61a3c0264fa1b-6dd7fbc5-5680f0f8 [none]
[debug] [2024-06-06T17:28:32.435Z] <<< [apiv2][status] GET https://cloudfunctions.googleapis.com/v2/projects/knockknock-8e41d/locations/us-central1/operations/operation-1717694900795-61a3c0264fa1b-6dd7fbc5-5680f0f8 200
[debug] [2024-06-06T17:28:32.435Z] <<< [apiv2][body] GET https://cloudfunctions.googleapis.com/v2/projects/knockknock-8e41d/locations/us-central1/operations/operation-1717694900795-61a3c0264fa1b-6dd7fbc5-5680f0f8 {"name":"projects/knockknock-8e41d/locations/us-central1/operations/operation-1717694900795-61a3c0264fa1b-6dd7fbc5-5680f0f8","metadata":{"@type":"type.googleapis.com/google.cloud.functions.v2.OperationMetadata","createTime":"2024-06-06T17:28:22.299253610Z","target":"projects/knockknock-8e41d/locations/us-central1/functions/addnumbers","verb":"create","cancelRequested":false,"apiVersion":"v2","requestResource":{"@type":"type.googleapis.com/google.cloud.functions.v2.Function","name":"projects/knockknock-8e41d/locations/us-central1/functions/addnumbers","buildConfig":{"runtime":"nodejs18","entryPoint":"addnumbers","source":{"storageSource":{"bucket":"gcf-v2-sources-1076360344718-us-central1","object":"addnumbers/function-source.zip","generation":"1717694901917887"}},"environmentVariables":{"GOOGLE_NODE_RUN_SCRIPTS":""}},"serviceConfig":{"service":"projects/knockknock-8e41d/locations/us-central1/services/addnumbers","timeoutSeconds":60,"environmentVariables":{"FIREBASE_CONFIG":"{\"projectId\":\"knockknock-8e41d\",\"storageBucket\":\"knockknock-8e41d.appspot.com\"}","GCLOUD_PROJECT":"knockknock-8e41d","EVENTARC_CLOUD_EVENT_SOURCE":"projects/knockknock-8e41d/locations/us-central1/services/addnumbers","FUNCTION_TARGET":"addnumbers"},"ingressSettings":"ALLOW_ALL","serviceAccountEmail":"1076360344718-compute@developer.gserviceaccount.com","availableMemory":"256Mi","maxInstanceRequestConcurrency":80,"availableCpu":"1"},"labels":{"deployment-tool":"cli-firebase","deployment-callable":"true","firebase-functions-hash":"b22546ddb24694793ee480890c86589a12368f81"},"environment":"GEN_2"},"stages":[{"name":"BUILD","state":"NOT_STARTED"},{"name":"SERVICE","state":"NOT_STARTED"}],"operationType":"CREATE_FUNCTION"},"done":false}
[debug] [2024-06-06T17:28:40.438Z] [create-default-us-central1-addnumbers] Retrying task index 0
[debug] [2024-06-06T17:28:40.439Z] >>> [apiv2][query] GET https://cloudfunctions.googleapis.com/v2/projects/knockknock-8e41d/locations/us-central1/operations/operation-1717694900795-61a3c0264fa1b-6dd7fbc5-5680f0f8 [none]
[debug] [2024-06-06T17:28:41.431Z] <<< [apiv2][status] GET https://cloudfunctions.googleapis.com/v2/projects/knockknock-8e41d/locations/us-central1/operations/operation-1717694900795-61a3c0264fa1b-6dd7fbc5-5680f0f8 200
[debug] [2024-06-06T17:28:41.431Z] <<< [apiv2][body] GET https://cloudfunctions.googleapis.com/v2/projects/knockknock-8e41d/locations/us-central1/operations/operation-1717694900795-61a3c0264fa1b-6dd7fbc5-5680f0f8 {"name":"projects/knockknock-8e41d/locations/us-central1/operations/operation-1717694900795-61a3c0264fa1b-6dd7fbc5-5680f0f8","metadata":{"@type":"type.googleapis.com/google.cloud.functions.v2.OperationMetadata","createTime":"2024-06-06T17:28:22.299253610Z","target":"projects/knockknock-8e41d/locations/us-central1/functions/addnumbers","verb":"create","cancelRequested":false,"apiVersion":"v2","requestResource":{"@type":"type.googleapis.com/google.cloud.functions.v2.Function","name":"projects/knockknock-8e41d/locations/us-central1/functions/addnumbers","buildConfig":{"runtime":"nodejs18","entryPoint":"addnumbers","source":{"storageSource":{"bucket":"gcf-v2-sources-1076360344718-us-central1","object":"addnumbers/function-source.zip","generation":"1717694901917887"}},"environmentVariables":{"GOOGLE_NODE_RUN_SCRIPTS":""}},"serviceConfig":{"service":"projects/knockknock-8e41d/locations/us-central1/services/addnumbers","timeoutSeconds":60,"environmentVariables":{"FIREBASE_CONFIG":"{\"projectId\":\"knockknock-8e41d\",\"storageBucket\":\"knockknock-8e41d.appspot.com\"}","GCLOUD_PROJECT":"knockknock-8e41d","EVENTARC_CLOUD_EVENT_SOURCE":"projects/knockknock-8e41d/locations/us-central1/services/addnumbers","FUNCTION_TARGET":"addnumbers"},"ingressSettings":"ALLOW_ALL","serviceAccountEmail":"1076360344718-compute@developer.gserviceaccount.com","availableMemory":"256Mi","maxInstanceRequestConcurrency":80,"availableCpu":"1"},"labels":{"deployment-tool":"cli-firebase","deployment-callable":"true","firebase-functions-hash":"b22546ddb24694793ee480890c86589a12368f81"},"environment":"GEN_2"},"stages":[{"name":"BUILD","state":"NOT_STARTED"},{"name":"SERVICE","state":"NOT_STARTED"}],"operationType":"CREATE_FUNCTION"},"done":false}
[debug] [2024-06-06T17:28:51.436Z] [create-default-us-central1-addnumbers] Retrying task index 0
[debug] [2024-06-06T17:28:51.437Z] >>> [apiv2][query] GET https://cloudfunctions.googleapis.com/v2/projects/knockknock-8e41d/locations/us-central1/operations/operation-1717694900795-61a3c0264fa1b-6dd7fbc5-5680f0f8 [none]
[debug] [2024-06-06T17:28:52.412Z] <<< [apiv2][status] GET https://cloudfunctions.googleapis.com/v2/projects/knockknock-8e41d/locations/us-central1/operations/operation-1717694900795-61a3c0264fa1b-6dd7fbc5-5680f0f8 200
[debug] [2024-06-06T17:28:52.413Z] <<< [apiv2][body] GET https://cloudfunctions.googleapis.com/v2/projects/knockknock-8e41d/locations/us-central1/operations/operation-1717694900795-61a3c0264fa1b-6dd7fbc5-5680f0f8 {"name":"projects/knockknock-8e41d/locations/us-central1/operations/operation-1717694900795-61a3c0264fa1b-6dd7fbc5-5680f0f8","metadata":{"@type":"type.googleapis.com/google.cloud.functions.v2.OperationMetadata","createTime":"2024-06-06T17:28:22.299253610Z","target":"projects/knockknock-8e41d/locations/us-central1/functions/addnumbers","verb":"create","cancelRequested":false,"apiVersion":"v2","requestResource":{"@type":"type.googleapis.com/google.cloud.functions.v2.Function","name":"projects/knockknock-8e41d/locations/us-central1/functions/addnumbers","buildConfig":{"runtime":"nodejs18","entryPoint":"addnumbers","source":{"storageSource":{"bucket":"gcf-v2-sources-1076360344718-us-central1","object":"addnumbers/function-source.zip","generation":"1717694901917887"}},"environmentVariables":{"GOOGLE_NODE_RUN_SCRIPTS":""}},"serviceConfig":{"service":"projects/knockknock-8e41d/locations/us-central1/services/addnumbers","timeoutSeconds":60,"environmentVariables":{"FIREBASE_CONFIG":"{\"projectId\":\"knockknock-8e41d\",\"storageBucket\":\"knockknock-8e41d.appspot.com\"}","GCLOUD_PROJECT":"knockknock-8e41d","EVENTARC_CLOUD_EVENT_SOURCE":"projects/knockknock-8e41d/locations/us-central1/services/addnumbers","FUNCTION_TARGET":"addnumbers"},"ingressSettings":"ALLOW_ALL","serviceAccountEmail":"1076360344718-compute@developer.gserviceaccount.com","availableMemory":"256Mi","maxInstanceRequestConcurrency":80,"availableCpu":"1"},"labels":{"deployment-tool":"cli-firebase","deployment-callable":"true","firebase-functions-hash":"b22546ddb24694793ee480890c86589a12368f81"},"environment":"GEN_2"},"stages":[{"name":"BUILD","state":"NOT_STARTED"},{"name":"SERVICE","state":"NOT_STARTED"}],"operationType":"CREATE_FUNCTION"},"done":false}
[debug] [2024-06-06T17:29:02.417Z] [create-default-us-central1-addnumbers] Retrying task index 0
[debug] [2024-06-06T17:29:02.418Z] >>> [apiv2][query] GET https://cloudfunctions.googleapis.com/v2/projects/knockknock-8e41d/locations/us-central1/operations/operation-1717694900795-61a3c0264fa1b-6dd7fbc5-5680f0f8 [none]
[debug] [2024-06-06T17:29:03.411Z] <<< [apiv2][status] GET https://cloudfunctions.googleapis.com/v2/projects/knockknock-8e41d/locations/us-central1/operations/operation-1717694900795-61a3c0264fa1b-6dd7fbc5-5680f0f8 200
[debug] [2024-06-06T17:29:03.411Z] <<< [apiv2][body] GET https://cloudfunctions.googleapis.com/v2/projects/knockknock-8e41d/locations/us-central1/operations/operation-1717694900795-61a3c0264fa1b-6dd7fbc5-5680f0f8 {"name":"projects/knockknock-8e41d/locations/us-central1/operations/operation-1717694900795-61a3c0264fa1b-6dd7fbc5-5680f0f8","metadata":{"@type":"type.googleapis.com/google.cloud.functions.v2.OperationMetadata","createTime":"2024-06-06T17:28:22.299253610Z","target":"projects/knockknock-8e41d/locations/us-central1/functions/addnumbers","verb":"create","cancelRequested":false,"apiVersion":"v2","requestResource":{"@type":"type.googleapis.com/google.cloud.functions.v2.Function","name":"projects/knockknock-8e41d/locations/us-central1/functions/addnumbers","buildConfig":{"runtime":"nodejs18","entryPoint":"addnumbers","source":{"storageSource":{"bucket":"gcf-v2-sources-1076360344718-us-central1","object":"addnumbers/function-source.zip","generation":"1717694901917887"}},"environmentVariables":{"GOOGLE_NODE_RUN_SCRIPTS":""}},"serviceConfig":{"service":"projects/knockknock-8e41d/locations/us-central1/services/addnumbers","timeoutSeconds":60,"environmentVariables":{"FIREBASE_CONFIG":"{\"projectId\":\"knockknock-8e41d\",\"storageBucket\":\"knockknock-8e41d.appspot.com\"}","GCLOUD_PROJECT":"knockknock-8e41d","EVENTARC_CLOUD_EVENT_SOURCE":"projects/knockknock-8e41d/locations/us-central1/services/addnumbers","FUNCTION_TARGET":"addnumbers"},"ingressSettings":"ALLOW_ALL","serviceAccountEmail":"1076360344718-compute@developer.gserviceaccount.com","availableMemory":"256Mi","maxInstanceRequestConcurrency":80,"availableCpu":"1"},"labels":{"deployment-tool":"cli-firebase","deployment-callable":"true","firebase-functions-hash":"b22546ddb24694793ee480890c86589a12368f81"},"environment":"GEN_2"},"stages":[{"name":"BUILD","state":"NOT_STARTED"},{"name":"SERVICE","state":"NOT_STARTED"}],"operationType":"CREATE_FUNCTION"},"done":false}
[debug] [2024-06-06T17:29:13.416Z] [create-default-us-central1-addnumbers] Retrying task index 0
[debug] [2024-06-06T17:29:13.417Z] >>> [apiv2][query] GET https://cloudfunctions.googleapis.com/v2/projects/knockknock-8e41d/locations/us-central1/operations/operation-1717694900795-61a3c0264fa1b-6dd7fbc5-5680f0f8 [none]
[debug] [2024-06-06T17:29:14.417Z] <<< [apiv2][status] GET https://cloudfunctions.googleapis.com/v2/projects/knockknock-8e41d/locations/us-central1/operations/operation-1717694900795-61a3c0264fa1b-6dd7fbc5-5680f0f8 200
[debug] [2024-06-06T17:29:14.417Z] <<< [apiv2][body] GET https://cloudfunctions.googleapis.com/v2/projects/knockknock-8e41d/locations/us-central1/operations/operation-1717694900795-61a3c0264fa1b-6dd7fbc5-5680f0f8 {"name":"projects/knockknock-8e41d/locations/us-central1/operations/operation-1717694900795-61a3c0264fa1b-6dd7fbc5-5680f0f8","metadata":{"@type":"type.googleapis.com/google.cloud.functions.v2.OperationMetadata","createTime":"2024-06-06T17:28:22.299253610Z","target":"projects/knockknock-8e41d/locations/us-central1/functions/addnumbers","verb":"create","cancelRequested":false,"apiVersion":"v2","requestResource":{"@type":"type.googleapis.com/google.cloud.functions.v2.Function","name":"projects/knockknock-8e41d/locations/us-central1/functions/addnumbers","buildConfig":{"runtime":"nodejs18","entryPoint":"addnumbers","source":{"storageSource":{"bucket":"gcf-v2-sources-1076360344718-us-central1","object":"addnumbers/function-source.zip","generation":"1717694901917887"}},"environmentVariables":{"GOOGLE_NODE_RUN_SCRIPTS":""}},"serviceConfig":{"service":"projects/knockknock-8e41d/locations/us-central1/services/addnumbers","timeoutSeconds":60,"environmentVariables":{"FIREBASE_CONFIG":"{\"projectId\":\"knockknock-8e41d\",\"storageBucket\":\"knockknock-8e41d.appspot.com\"}","GCLOUD_PROJECT":"knockknock-8e41d","EVENTARC_CLOUD_EVENT_SOURCE":"projects/knockknock-8e41d/locations/us-central1/services/addnumbers","FUNCTION_TARGET":"addnumbers"},"ingressSettings":"ALLOW_ALL","serviceAccountEmail":"1076360344718-compute@developer.gserviceaccount.com","availableMemory":"256Mi","maxInstanceRequestConcurrency":80,"availableCpu":"1"},"labels":{"deployment-tool":"cli-firebase","deployment-callable":"true","firebase-functions-hash":"b22546ddb24694793ee480890c86589a12368f81"},"environment":"GEN_2"},"stages":[{"name":"BUILD","state":"NOT_STARTED"},{"name":"SERVICE","state":"NOT_STARTED"}],"operationType":"CREATE_FUNCTION"},"done":false}
[debug] [2024-06-06T17:29:24.424Z] [create-default-us-central1-addnumbers] Retrying task index 0
[debug] [2024-06-06T17:29:24.424Z] >>> [apiv2][query] GET https://cloudfunctions.googleapis.com/v2/projects/knockknock-8e41d/locations/us-central1/operations/operation-1717694900795-61a3c0264fa1b-6dd7fbc5-5680f0f8 [none]
[debug] [2024-06-06T17:29:25.417Z] <<< [apiv2][status] GET https://cloudfunctions.googleapis.com/v2/projects/knockknock-8e41d/locations/us-central1/operations/operation-1717694900795-61a3c0264fa1b-6dd7fbc5-5680f0f8 200
[debug] [2024-06-06T17:29:25.418Z] <<< [apiv2][body] GET https://cloudfunctions.googleapis.com/v2/projects/knockknock-8e41d/locations/us-central1/operations/operation-1717694900795-61a3c0264fa1b-6dd7fbc5-5680f0f8 {"name":"projects/knockknock-8e41d/locations/us-central1/operations/operation-1717694900795-61a3c0264fa1b-6dd7fbc5-5680f0f8","metadata":{"@type":"type.googleapis.com/google.cloud.functions.v2.OperationMetadata","createTime":"2024-06-06T17:28:22.299253610Z","target":"projects/knockknock-8e41d/locations/us-central1/functions/addnumbers","verb":"create","cancelRequested":false,"apiVersion":"v2","requestResource":{"@type":"type.googleapis.com/google.cloud.functions.v2.Function","name":"projects/knockknock-8e41d/locations/us-central1/functions/addnumbers","buildConfig":{"runtime":"nodejs18","entryPoint":"addnumbers","source":{"storageSource":{"bucket":"gcf-v2-sources-1076360344718-us-central1","object":"addnumbers/function-source.zip","generation":"1717694901917887"}},"environmentVariables":{"GOOGLE_NODE_RUN_SCRIPTS":""}},"serviceConfig":{"service":"projects/knockknock-8e41d/locations/us-central1/services/addnumbers","timeoutSeconds":60,"environmentVariables":{"FIREBASE_CONFIG":"{\"projectId\":\"knockknock-8e41d\",\"storageBucket\":\"knockknock-8e41d.appspot.com\"}","GCLOUD_PROJECT":"knockknock-8e41d","EVENTARC_CLOUD_EVENT_SOURCE":"projects/knockknock-8e41d/locations/us-central1/services/addnumbers","FUNCTION_TARGET":"addnumbers"},"ingressSettings":"ALLOW_ALL","serviceAccountEmail":"1076360344718-compute@developer.gserviceaccount.com","availableMemory":"256Mi","maxInstanceRequestConcurrency":80,"availableCpu":"1"},"labels":{"deployment-tool":"cli-firebase","deployment-callable":"true","firebase-functions-hash":"b22546ddb24694793ee480890c86589a12368f81"},"environment":"GEN_2"},"stages":[{"name":"BUILD","state":"NOT_STARTED"},{"name":"SERVICE","state":"NOT_STARTED"}],"operationType":"CREATE_FUNCTION"},"done":false}
[debug] [2024-06-06T17:29:35.424Z] [create-default-us-central1-addnumbers] Retrying task index 0
[debug] [2024-06-06T17:29:35.425Z] >>> [apiv2][query] GET https://cloudfunctions.googleapis.com/v2/projects/knockknock-8e41d/locations/us-central1/operations/operation-1717694900795-61a3c0264fa1b-6dd7fbc5-5680f0f8 [none]
[debug] [2024-06-06T17:29:36.481Z] <<< [apiv2][status] GET https://cloudfunctions.googleapis.com/v2/projects/knockknock-8e41d/locations/us-central1/operations/operation-1717694900795-61a3c0264fa1b-6dd7fbc5-5680f0f8 200
[debug] [2024-06-06T17:29:36.482Z] <<< [apiv2][body] GET https://cloudfunctions.googleapis.com/v2/projects/knockknock-8e41d/locations/us-central1/operations/operation-1717694900795-61a3c0264fa1b-6dd7fbc5-5680f0f8 {"name":"projects/knockknock-8e41d/locations/us-central1/operations/operation-1717694900795-61a3c0264fa1b-6dd7fbc5-5680f0f8","metadata":{"@type":"type.googleapis.com/google.cloud.functions.v2.OperationMetadata","createTime":"2024-06-06T17:28:22.299253610Z","target":"projects/knockknock-8e41d/locations/us-central1/functions/addnumbers","verb":"create","cancelRequested":false,"apiVersion":"v2","requestResource":{"@type":"type.googleapis.com/google.cloud.functions.v2.Function","name":"projects/knockknock-8e41d/locations/us-central1/functions/addnumbers","buildConfig":{"runtime":"nodejs18","entryPoint":"addnumbers","source":{"storageSource":{"bucket":"gcf-v2-sources-1076360344718-us-central1","object":"addnumbers/function-source.zip","generation":"1717694901917887"}},"environmentVariables":{"GOOGLE_NODE_RUN_SCRIPTS":""}},"serviceConfig":{"service":"projects/knockknock-8e41d/locations/us-central1/services/addnumbers","timeoutSeconds":60,"environmentVariables":{"FIREBASE_CONFIG":"{\"projectId\":\"knockknock-8e41d\",\"storageBucket\":\"knockknock-8e41d.appspot.com\"}","GCLOUD_PROJECT":"knockknock-8e41d","EVENTARC_CLOUD_EVENT_SOURCE":"projects/knockknock-8e41d/locations/us-central1/services/addnumbers","FUNCTION_TARGET":"addnumbers"},"ingressSettings":"ALLOW_ALL","serviceAccountEmail":"1076360344718-compute@developer.gserviceaccount.com","availableMemory":"256Mi","maxInstanceRequestConcurrency":80,"availableCpu":"1"},"labels":{"deployment-tool":"cli-firebase","deployment-callable":"true","firebase-functions-hash":"b22546ddb24694793ee480890c86589a12368f81"},"environment":"GEN_2"},"stages":[{"name":"BUILD","state":"NOT_STARTED"},{"name":"SERVICE","state":"NOT_STARTED"}],"operationType":"CREATE_FUNCTION"},"done":false}
[debug] [2024-06-06T17:29:46.488Z] [create-default-us-central1-addnumbers] Retrying task index 0
[debug] [2024-06-06T17:29:46.488Z] >>> [apiv2][query] GET https://cloudfunctions.googleapis.com/v2/projects/knockknock-8e41d/locations/us-central1/operations/operation-1717694900795-61a3c0264fa1b-6dd7fbc5-5680f0f8 [none]
[debug] [2024-06-06T17:29:47.472Z] <<< [apiv2][status] GET https://cloudfunctions.googleapis.com/v2/projects/knockknock-8e41d/locations/us-central1/operations/operation-1717694900795-61a3c0264fa1b-6dd7fbc5-5680f0f8 200
[debug] [2024-06-06T17:29:47.472Z] <<< [apiv2][body] GET https://cloudfunctions.googleapis.com/v2/projects/knockknock-8e41d/locations/us-central1/operations/operation-1717694900795-61a3c0264fa1b-6dd7fbc5-5680f0f8 {"name":"projects/knockknock-8e41d/locations/us-central1/operations/operation-1717694900795-61a3c0264fa1b-6dd7fbc5-5680f0f8","metadata":{"@type":"type.googleapis.com/google.cloud.functions.v2.OperationMetadata","createTime":"2024-06-06T17:28:22.299253610Z","target":"projects/knockknock-8e41d/locations/us-central1/functions/addnumbers","verb":"create","cancelRequested":false,"apiVersion":"v2","requestResource":{"@type":"type.googleapis.com/google.cloud.functions.v2.Function","name":"projects/knockknock-8e41d/locations/us-central1/functions/addnumbers","buildConfig":{"runtime":"nodejs18","entryPoint":"addnumbers","source":{"storageSource":{"bucket":"gcf-v2-sources-1076360344718-us-central1","object":"addnumbers/function-source.zip","generation":"1717694901917887"}},"environmentVariables":{"GOOGLE_NODE_RUN_SCRIPTS":""}},"serviceConfig":{"service":"projects/knockknock-8e41d/locations/us-central1/services/addnumbers","timeoutSeconds":60,"environmentVariables":{"FIREBASE_CONFIG":"{\"projectId\":\"knockknock-8e41d\",\"storageBucket\":\"knockknock-8e41d.appspot.com\"}","GCLOUD_PROJECT":"knockknock-8e41d","EVENTARC_CLOUD_EVENT_SOURCE":"projects/knockknock-8e41d/locations/us-central1/services/addnumbers","FUNCTION_TARGET":"addnumbers"},"ingressSettings":"ALLOW_ALL","serviceAccountEmail":"1076360344718-compute@developer.gserviceaccount.com","availableMemory":"256Mi","maxInstanceRequestConcurrency":80,"availableCpu":"1"},"labels":{"deployment-tool":"cli-firebase","deployment-callable":"true","firebase-functions-hash":"b22546ddb24694793ee480890c86589a12368f81"},"environment":"GEN_2"},"stages":[{"name":"BUILD","message":"Build in progress","state":"IN_PROGRESS","resource":"projects/1076360344718/locations/us-central1/builds/739cbf17-8b37-4d27-86f9-ba33eebf6e7e","resourceUri":"https://console.cloud.google.com/cloud-build/builds;region=us-central1/739cbf17-8b37-4d27-86f9-ba33eebf6e7e?project=1076360344718"},{"name":"SERVICE","state":"NOT_STARTED"}],"operationType":"CREATE_FUNCTION"},"done":false}
[debug] [2024-06-06T17:29:57.478Z] [create-default-us-central1-addnumbers] Retrying task index 0
[debug] [2024-06-06T17:29:57.479Z] >>> [apiv2][query] GET https://cloudfunctions.googleapis.com/v2/projects/knockknock-8e41d/locations/us-central1/operations/operation-1717694900795-61a3c0264fa1b-6dd7fbc5-5680f0f8 [none]
[debug] [2024-06-06T17:29:58.532Z] <<< [apiv2][status] GET https://cloudfunctions.googleapis.com/v2/projects/knockknock-8e41d/locations/us-central1/operations/operation-1717694900795-61a3c0264fa1b-6dd7fbc5-5680f0f8 200
[debug] [2024-06-06T17:29:58.532Z] <<< [apiv2][body] GET https://cloudfunctions.googleapis.com/v2/projects/knockknock-8e41d/locations/us-central1/operations/operation-1717694900795-61a3c0264fa1b-6dd7fbc5-5680f0f8 {"name":"projects/knockknock-8e41d/locations/us-central1/operations/operation-1717694900795-61a3c0264fa1b-6dd7fbc5-5680f0f8","metadata":{"@type":"type.googleapis.com/google.cloud.functions.v2.OperationMetadata","createTime":"2024-06-06T17:28:22.299253610Z","target":"projects/knockknock-8e41d/locations/us-central1/functions/addnumbers","verb":"create","cancelRequested":false,"apiVersion":"v2","requestResource":{"@type":"type.googleapis.com/google.cloud.functions.v2.Function","name":"projects/knockknock-8e41d/locations/us-central1/functions/addnumbers","buildConfig":{"runtime":"nodejs18","entryPoint":"addnumbers","source":{"storageSource":{"bucket":"gcf-v2-sources-1076360344718-us-central1","object":"addnumbers/function-source.zip","generation":"1717694901917887"}},"environmentVariables":{"GOOGLE_NODE_RUN_SCRIPTS":""}},"serviceConfig":{"service":"projects/knockknock-8e41d/locations/us-central1/services/addnumbers","timeoutSeconds":60,"environmentVariables":{"FIREBASE_CONFIG":"{\"projectId\":\"knockknock-8e41d\",\"storageBucket\":\"knockknock-8e41d.appspot.com\"}","GCLOUD_PROJECT":"knockknock-8e41d","EVENTARC_CLOUD_EVENT_SOURCE":"projects/knockknock-8e41d/locations/us-central1/services/addnumbers","FUNCTION_TARGET":"addnumbers"},"ingressSettings":"ALLOW_ALL","serviceAccountEmail":"1076360344718-compute@developer.gserviceaccount.com","availableMemory":"256Mi","maxInstanceRequestConcurrency":80,"availableCpu":"1"},"labels":{"deployment-tool":"cli-firebase","deployment-callable":"true","firebase-functions-hash":"b22546ddb24694793ee480890c86589a12368f81"},"environment":"GEN_2"},"stages":[{"name":"BUILD","message":"Build in progress","state":"IN_PROGRESS","resource":"projects/1076360344718/locations/us-central1/builds/739cbf17-8b37-4d27-86f9-ba33eebf6e7e","resourceUri":"https://console.cloud.google.com/cloud-build/builds;region=us-central1/739cbf17-8b37-4d27-86f9-ba33eebf6e7e?project=1076360344718"},{"name":"SERVICE","state":"NOT_STARTED"}],"operationType":"CREATE_FUNCTION"},"done":false}
[debug] [2024-06-06T17:30:08.538Z] [create-default-us-central1-addnumbers] Retrying task index 0
[debug] [2024-06-06T17:30:08.539Z] >>> [apiv2][query] GET https://cloudfunctions.googleapis.com/v2/projects/knockknock-8e41d/locations/us-central1/operations/operation-1717694900795-61a3c0264fa1b-6dd7fbc5-5680f0f8 [none]
[debug] [2024-06-06T17:30:09.546Z] <<< [apiv2][status] GET https://cloudfunctions.googleapis.com/v2/projects/knockknock-8e41d/locations/us-central1/operations/operation-1717694900795-61a3c0264fa1b-6dd7fbc5-5680f0f8 200
[debug] [2024-06-06T17:30:09.546Z] <<< [apiv2][body] GET https://cloudfunctions.googleapis.com/v2/projects/knockknock-8e41d/locations/us-central1/operations/operation-1717694900795-61a3c0264fa1b-6dd7fbc5-5680f0f8 {"name":"projects/knockknock-8e41d/locations/us-central1/operations/operation-1717694900795-61a3c0264fa1b-6dd7fbc5-5680f0f8","metadata":{"@type":"type.googleapis.com/google.cloud.functions.v2.OperationMetadata","createTime":"2024-06-06T17:28:22.299253610Z","target":"projects/knockknock-8e41d/locations/us-central1/functions/addnumbers","verb":"create","cancelRequested":false,"apiVersion":"v2","requestResource":{"@type":"type.googleapis.com/google.cloud.functions.v2.Function","name":"projects/knockknock-8e41d/locations/us-central1/functions/addnumbers","buildConfig":{"runtime":"nodejs18","entryPoint":"addnumbers","source":{"storageSource":{"bucket":"gcf-v2-sources-1076360344718-us-central1","object":"addnumbers/function-source.zip","generation":"1717694901917887"}},"environmentVariables":{"GOOGLE_NODE_RUN_SCRIPTS":""}},"serviceConfig":{"service":"projects/knockknock-8e41d/locations/us-central1/services/addnumbers","timeoutSeconds":60,"environmentVariables":{"FIREBASE_CONFIG":"{\"projectId\":\"knockknock-8e41d\",\"storageBucket\":\"knockknock-8e41d.appspot.com\"}","GCLOUD_PROJECT":"knockknock-8e41d","EVENTARC_CLOUD_EVENT_SOURCE":"projects/knockknock-8e41d/locations/us-central1/services/addnumbers","FUNCTION_TARGET":"addnumbers"},"ingressSettings":"ALLOW_ALL","serviceAccountEmail":"1076360344718-compute@developer.gserviceaccount.com","availableMemory":"256Mi","maxInstanceRequestConcurrency":80,"availableCpu":"1"},"labels":{"deployment-tool":"cli-firebase","deployment-callable":"true","firebase-functions-hash":"b22546ddb24694793ee480890c86589a12368f81"},"environment":"GEN_2"},"stages":[{"name":"BUILD","message":"Build in progress","state":"IN_PROGRESS","resource":"projects/1076360344718/locations/us-central1/builds/739cbf17-8b37-4d27-86f9-ba33eebf6e7e","resourceUri":"https://console.cloud.google.com/cloud-build/builds;region=us-central1/739cbf17-8b37-4d27-86f9-ba33eebf6e7e?project=1076360344718"},{"name":"SERVICE","state":"NOT_STARTED"}],"operationType":"CREATE_FUNCTION"},"done":false}
[debug] [2024-06-06T17:30:19.551Z] [create-default-us-central1-addnumbers] Retrying task index 0
[debug] [2024-06-06T17:30:19.552Z] >>> [apiv2][query] GET https://cloudfunctions.googleapis.com/v2/projects/knockknock-8e41d/locations/us-central1/operations/operation-1717694900795-61a3c0264fa1b-6dd7fbc5-5680f0f8 [none]
[debug] [2024-06-06T17:30:20.524Z] <<< [apiv2][status] GET https://cloudfunctions.googleapis.com/v2/projects/knockknock-8e41d/locations/us-central1/operations/operation-1717694900795-61a3c0264fa1b-6dd7fbc5-5680f0f8 200
[debug] [2024-06-06T17:30:20.525Z] <<< [apiv2][body] GET https://cloudfunctions.googleapis.com/v2/projects/knockknock-8e41d/locations/us-central1/operations/operation-1717694900795-61a3c0264fa1b-6dd7fbc5-5680f0f8 {"name":"projects/knockknock-8e41d/locations/us-central1/operations/operation-1717694900795-61a3c0264fa1b-6dd7fbc5-5680f0f8","metadata":{"@type":"type.googleapis.com/google.cloud.functions.v2.OperationMetadata","createTime":"2024-06-06T17:28:22.299253610Z","target":"projects/knockknock-8e41d/locations/us-central1/functions/addnumbers","verb":"create","cancelRequested":false,"apiVersion":"v2","requestResource":{"@type":"type.googleapis.com/google.cloud.functions.v2.Function","name":"projects/knockknock-8e41d/locations/us-central1/functions/addnumbers","buildConfig":{"runtime":"nodejs18","entryPoint":"addnumbers","source":{"storageSource":{"bucket":"gcf-v2-sources-1076360344718-us-central1","object":"addnumbers/function-source.zip","generation":"1717694901917887"}},"environmentVariables":{"GOOGLE_NODE_RUN_SCRIPTS":""}},"serviceConfig":{"service":"projects/knockknock-8e41d/locations/us-central1/services/addnumbers","timeoutSeconds":60,"environmentVariables":{"FIREBASE_CONFIG":"{\"projectId\":\"knockknock-8e41d\",\"storageBucket\":\"knockknock-8e41d.appspot.com\"}","GCLOUD_PROJECT":"knockknock-8e41d","EVENTARC_CLOUD_EVENT_SOURCE":"projects/knockknock-8e41d/locations/us-central1/services/addnumbers","FUNCTION_TARGET":"addnumbers"},"ingressSettings":"ALLOW_ALL","serviceAccountEmail":"1076360344718-compute@developer.gserviceaccount.com","availableMemory":"256Mi","maxInstanceRequestConcurrency":80,"availableCpu":"1"},"labels":{"deployment-tool":"cli-firebase","deployment-callable":"true","firebase-functions-hash":"b22546ddb24694793ee480890c86589a12368f81"},"environment":"GEN_2"},"stages":[{"name":"BUILD","message":"Build in progress","state":"IN_PROGRESS","resource":"projects/1076360344718/locations/us-central1/builds/739cbf17-8b37-4d27-86f9-ba33eebf6e7e","resourceUri":"https://console.cloud.google.com/cloud-build/builds;region=us-central1/739cbf17-8b37-4d27-86f9-ba33eebf6e7e?project=1076360344718"},{"name":"SERVICE","state":"NOT_STARTED"}],"operationType":"CREATE_FUNCTION"},"done":false}
[debug] [2024-06-06T17:30:30.531Z] [create-default-us-central1-addnumbers] Retrying task index 0
[debug] [2024-06-06T17:30:30.531Z] >>> [apiv2][query] GET https://cloudfunctions.googleapis.com/v2/projects/knockknock-8e41d/locations/us-central1/operations/operation-1717694900795-61a3c0264fa1b-6dd7fbc5-5680f0f8 [none]
[debug] [2024-06-06T17:30:31.516Z] <<< [apiv2][status] GET https://cloudfunctions.googleapis.com/v2/projects/knockknock-8e41d/locations/us-central1/operations/operation-1717694900795-61a3c0264fa1b-6dd7fbc5-5680f0f8 200
[debug] [2024-06-06T17:30:31.516Z] <<< [apiv2][body] GET https://cloudfunctions.googleapis.com/v2/projects/knockknock-8e41d/locations/us-central1/operations/operation-1717694900795-61a3c0264fa1b-6dd7fbc5-5680f0f8 {"name":"projects/knockknock-8e41d/locations/us-central1/operations/operation-1717694900795-61a3c0264fa1b-6dd7fbc5-5680f0f8","metadata":{"@type":"type.googleapis.com/google.cloud.functions.v2.OperationMetadata","createTime":"2024-06-06T17:28:22.299253610Z","target":"projects/knockknock-8e41d/locations/us-central1/functions/addnumbers","verb":"create","cancelRequested":false,"apiVersion":"v2","requestResource":{"@type":"type.googleapis.com/google.cloud.functions.v2.Function","name":"projects/knockknock-8e41d/locations/us-central1/functions/addnumbers","buildConfig":{"runtime":"nodejs18","entryPoint":"addnumbers","source":{"storageSource":{"bucket":"gcf-v2-sources-1076360344718-us-central1","object":"addnumbers/function-source.zip","generation":"1717694901917887"}},"environmentVariables":{"GOOGLE_NODE_RUN_SCRIPTS":""}},"serviceConfig":{"service":"projects/knockknock-8e41d/locations/us-central1/services/addnumbers","timeoutSeconds":60,"environmentVariables":{"FIREBASE_CONFIG":"{\"projectId\":\"knockknock-8e41d\",\"storageBucket\":\"knockknock-8e41d.appspot.com\"}","GCLOUD_PROJECT":"knockknock-8e41d","EVENTARC_CLOUD_EVENT_SOURCE":"projects/knockknock-8e41d/locations/us-central1/services/addnumbers","FUNCTION_TARGET":"addnumbers"},"ingressSettings":"ALLOW_ALL","serviceAccountEmail":"1076360344718-compute@developer.gserviceaccount.com","availableMemory":"256Mi","maxInstanceRequestConcurrency":80,"availableCpu":"1"},"labels":{"deployment-tool":"cli-firebase","deployment-callable":"true","firebase-functions-hash":"b22546ddb24694793ee480890c86589a12368f81"},"environment":"GEN_2"},"stages":[{"name":"BUILD","message":"Build finished","state":"COMPLETE","resource":"projects/1076360344718/locations/us-central1/builds/739cbf17-8b37-4d27-86f9-ba33eebf6e7e","resourceUri":"https://console.cloud.google.com/cloud-build/builds;region=us-central1/739cbf17-8b37-4d27-86f9-ba33eebf6e7e?project=1076360344718"},{"name":"SERVICE","message":"Creating Cloud Run service","state":"IN_PROGRESS","resource":"projects/knockknock-8e41d/locations/us-central1/services/addnumbers","resourceUri":"https://console.cloud.google.com/run/detail/us-central1/addnumbers?project=knockknock-8e41d"}],"sourceToken":"Clhwcm9qZWN0cy8xMDc2MzYwMzQ0NzE4L2xvY2F0aW9ucy91cy1jZW50cmFsMS9idWlsZHMvNzM5Y2JmMTctOGIzNy00ZDI3LTg2ZjktYmEzM2VlYmY2ZTdlEk51cy1jZW50cmFsMS1kb2NrZXIucGtnLmRldi9rbm9ja2tub2NrLThlNDFkL2djZi1hcnRpZmFjdHMvYWRkbnVtYmVyczp2ZXJzaW9uXzEYjunN4KkfIkRwcm9qZWN0cy9rbm9ja2tub2NrLThlNDFkL2xvY2F0aW9ucy91cy1jZW50cmFsMS9mdW5jdGlvbnMvYWRkbnVtYmVycyoMCLfkh7MGEOiki/4CMghub2RlanMxODqLAQojZ2NyLmlvL2dhZS1ydW50aW1lcy9ub2RlanMxODpzdGFibGUSQ3VzLWNlbnRyYWwxLWRvY2tlci5wa2cuZGV2L2dhZS1ydW50aW1lcy9nY3AvYnVpbGRwYWNrcy9ub2RlanMxOC9ydW66AR5ub2RlanMxOF8yMDI0MDYwMl8xOF8yMF8zX1JDMDA=","operationType":"CREATE_FUNCTION"},"done":false}
[debug] [2024-06-06T17:30:31.516Z] Got source token Clhwcm9qZWN0cy8xMDc2MzYwMzQ0NzE4L2xvY2F0aW9ucy91cy1jZW50cmFsMS9idWlsZHMvNzM5Y2JmMTctOGIzNy00ZDI3LTg2ZjktYmEzM2VlYmY2ZTdlEk51cy1jZW50cmFsMS1kb2NrZXIucGtnLmRldi9rbm9ja2tub2NrLThlNDFkL2djZi1hcnRpZmFjdHMvYWRkbnVtYmVyczp2ZXJzaW9uXzEYjunN4KkfIkRwcm9qZWN0cy9rbm9ja2tub2NrLThlNDFkL2xvY2F0aW9ucy91cy1jZW50cmFsMS9mdW5jdGlvbnMvYWRkbnVtYmVycyoMCLfkh7MGEOiki/4CMghub2RlanMxODqLAQojZ2NyLmlvL2dhZS1ydW50aW1lcy9ub2RlanMxODpzdGFibGUSQ3VzLWNlbnRyYWwxLWRvY2tlci5wa2cuZGV2L2dhZS1ydW50aW1lcy9nY3AvYnVpbGRwYWNrcy9ub2RlanMxOC9ydW66AR5ub2RlanMxOF8yMDI0MDYwMl8xOF8yMF8zX1JDMDA= for region us-central1
[debug] [2024-06-06T17:30:41.521Z] [create-default-us-central1-addnumbers] Retrying task index 0
[debug] [2024-06-06T17:30:41.521Z] >>> [apiv2][query] GET https://cloudfunctions.googleapis.com/v2/projects/knockknock-8e41d/locations/us-central1/operations/operation-1717694900795-61a3c0264fa1b-6dd7fbc5-5680f0f8 [none]
[debug] [2024-06-06T17:30:42.586Z] <<< [apiv2][status] GET https://cloudfunctions.googleapis.com/v2/projects/knockknock-8e41d/locations/us-central1/operations/operation-1717694900795-61a3c0264fa1b-6dd7fbc5-5680f0f8 200
[debug] [2024-06-06T17:30:42.586Z] <<< [apiv2][body] GET https://cloudfunctions.googleapis.com/v2/projects/knockknock-8e41d/locations/us-central1/operations/operation-1717694900795-61a3c0264fa1b-6dd7fbc5-5680f0f8 {"name":"projects/knockknock-8e41d/locations/us-central1/operations/operation-1717694900795-61a3c0264fa1b-6dd7fbc5-5680f0f8","metadata":{"@type":"type.googleapis.com/google.cloud.functions.v2.OperationMetadata","createTime":"2024-06-06T17:28:22.299253610Z","target":"projects/knockknock-8e41d/locations/us-central1/functions/addnumbers","verb":"create","cancelRequested":false,"apiVersion":"v2","requestResource":{"@type":"type.googleapis.com/google.cloud.functions.v2.Function","name":"projects/knockknock-8e41d/locations/us-central1/functions/addnumbers","buildConfig":{"runtime":"nodejs18","entryPoint":"addnumbers","source":{"storageSource":{"bucket":"gcf-v2-sources-1076360344718-us-central1","object":"addnumbers/function-source.zip","generation":"1717694901917887"}},"environmentVariables":{"GOOGLE_NODE_RUN_SCRIPTS":""}},"serviceConfig":{"service":"projects/knockknock-8e41d/locations/us-central1/services/addnumbers","timeoutSeconds":60,"environmentVariables":{"FIREBASE_CONFIG":"{\"projectId\":\"knockknock-8e41d\",\"storageBucket\":\"knockknock-8e41d.appspot.com\"}","GCLOUD_PROJECT":"knockknock-8e41d","EVENTARC_CLOUD_EVENT_SOURCE":"projects/knockknock-8e41d/locations/us-central1/services/addnumbers","FUNCTION_TARGET":"addnumbers"},"ingressSettings":"ALLOW_ALL","serviceAccountEmail":"1076360344718-compute@developer.gserviceaccount.com","availableMemory":"256Mi","maxInstanceRequestConcurrency":80,"availableCpu":"1"},"labels":{"deployment-tool":"cli-firebase","deployment-callable":"true","firebase-functions-hash":"b22546ddb24694793ee480890c86589a12368f81"},"environment":"GEN_2"},"stages":[{"name":"BUILD","message":"Build finished","state":"COMPLETE","resource":"projects/1076360344718/locations/us-central1/builds/739cbf17-8b37-4d27-86f9-ba33eebf6e7e","resourceUri":"https://console.cloud.google.com/cloud-build/builds;region=us-central1/739cbf17-8b37-4d27-86f9-ba33eebf6e7e?project=1076360344718"},{"name":"SERVICE","message":"Creating Cloud Run service","state":"IN_PROGRESS","resource":"projects/knockknock-8e41d/locations/us-central1/services/addnumbers","resourceUri":"https://console.cloud.google.com/run/detail/us-central1/addnumbers?project=knockknock-8e41d"}],"sourceToken":"Clhwcm9qZWN0cy8xMDc2MzYwMzQ0NzE4L2xvY2F0aW9ucy91cy1jZW50cmFsMS9idWlsZHMvNzM5Y2JmMTctOGIzNy00ZDI3LTg2ZjktYmEzM2VlYmY2ZTdlEk51cy1jZW50cmFsMS1kb2NrZXIucGtnLmRldi9rbm9ja2tub2NrLThlNDFkL2djZi1hcnRpZmFjdHMvYWRkbnVtYmVyczp2ZXJzaW9uXzEYjunN4KkfIkRwcm9qZWN0cy9rbm9ja2tub2NrLThlNDFkL2xvY2F0aW9ucy91cy1jZW50cmFsMS9mdW5jdGlvbnMvYWRkbnVtYmVycyoMCLfkh7MGEOiki/4CMghub2RlanMxODqLAQojZ2NyLmlvL2dhZS1ydW50aW1lcy9ub2RlanMxODpzdGFibGUSQ3VzLWNlbnRyYWwxLWRvY2tlci5wa2cuZGV2L2dhZS1ydW50aW1lcy9nY3AvYnVpbGRwYWNrcy9ub2RlanMxOC9ydW66AR5ub2RlanMxOF8yMDI0MDYwMl8xOF8yMF8zX1JDMDA=","operationType":"CREATE_FUNCTION"},"done":false}
[debug] [2024-06-06T17:30:42.587Z] Got source token Clhwcm9qZWN0cy8xMDc2MzYwMzQ0NzE4L2xvY2F0aW9ucy91cy1jZW50cmFsMS9idWlsZHMvNzM5Y2JmMTctOGIzNy00ZDI3LTg2ZjktYmEzM2VlYmY2ZTdlEk51cy1jZW50cmFsMS1kb2NrZXIucGtnLmRldi9rbm9ja2tub2NrLThlNDFkL2djZi1hcnRpZmFjdHMvYWRkbnVtYmVyczp2ZXJzaW9uXzEYjunN4KkfIkRwcm9qZWN0cy9rbm9ja2tub2NrLThlNDFkL2xvY2F0aW9ucy91cy1jZW50cmFsMS9mdW5jdGlvbnMvYWRkbnVtYmVycyoMCLfkh7MGEOiki/4CMghub2RlanMxODqLAQojZ2NyLmlvL2dhZS1ydW50aW1lcy9ub2RlanMxODpzdGFibGUSQ3VzLWNlbnRyYWwxLWRvY2tlci5wa2cuZGV2L2dhZS1ydW50aW1lcy9nY3AvYnVpbGRwYWNrcy9ub2RlanMxOC9ydW66AR5ub2RlanMxOF8yMDI0MDYwMl8xOF8yMF8zX1JDMDA= for region us-central1
[debug] [2024-06-06T17:30:52.592Z] [create-default-us-central1-addnumbers] Retrying task index 0
[debug] [2024-06-06T17:30:52.593Z] >>> [apiv2][query] GET https://cloudfunctions.googleapis.com/v2/projects/knockknock-8e41d/locations/us-central1/operations/operation-1717694900795-61a3c0264fa1b-6dd7fbc5-5680f0f8 [none]
[debug] [2024-06-06T17:30:53.580Z] <<< [apiv2][status] GET https://cloudfunctions.googleapis.com/v2/projects/knockknock-8e41d/locations/us-central1/operations/operation-1717694900795-61a3c0264fa1b-6dd7fbc5-5680f0f8 200
[debug] [2024-06-06T17:30:53.580Z] <<< [apiv2][body] GET https://cloudfunctions.googleapis.com/v2/projects/knockknock-8e41d/locations/us-central1/operations/operation-1717694900795-61a3c0264fa1b-6dd7fbc5-5680f0f8 {"name":"projects/knockknock-8e41d/locations/us-central1/operations/operation-1717694900795-61a3c0264fa1b-6dd7fbc5-5680f0f8","metadata":{"@type":"type.googleapis.com/google.cloud.functions.v2.OperationMetadata","createTime":"2024-06-06T17:28:22.299253610Z","target":"projects/knockknock-8e41d/locations/us-central1/functions/addnumbers","verb":"create","cancelRequested":false,"apiVersion":"v2","requestResource":{"@type":"type.googleapis.com/google.cloud.functions.v2.Function","name":"projects/knockknock-8e41d/locations/us-central1/functions/addnumbers","buildConfig":{"runtime":"nodejs18","entryPoint":"addnumbers","source":{"storageSource":{"bucket":"gcf-v2-sources-1076360344718-us-central1","object":"addnumbers/function-source.zip","generation":"1717694901917887"}},"environmentVariables":{"GOOGLE_NODE_RUN_SCRIPTS":""}},"serviceConfig":{"service":"projects/knockknock-8e41d/locations/us-central1/services/addnumbers","timeoutSeconds":60,"environmentVariables":{"FIREBASE_CONFIG":"{\"projectId\":\"knockknock-8e41d\",\"storageBucket\":\"knockknock-8e41d.appspot.com\"}","GCLOUD_PROJECT":"knockknock-8e41d","EVENTARC_CLOUD_EVENT_SOURCE":"projects/knockknock-8e41d/locations/us-central1/services/addnumbers","FUNCTION_TARGET":"addnumbers"},"ingressSettings":"ALLOW_ALL","serviceAccountEmail":"1076360344718-compute@developer.gserviceaccount.com","availableMemory":"256Mi","maxInstanceRequestConcurrency":80,"availableCpu":"1"},"labels":{"deployment-tool":"cli-firebase","deployment-callable":"true","firebase-functions-hash":"b22546ddb24694793ee480890c86589a12368f81"},"environment":"GEN_2"},"stages":[{"name":"BUILD","message":"Build finished","state":"COMPLETE","resource":"projects/1076360344718/locations/us-central1/builds/739cbf17-8b37-4d27-86f9-ba33eebf6e7e","resourceUri":"https://console.cloud.google.com/cloud-build/builds;region=us-central1/739cbf17-8b37-4d27-86f9-ba33eebf6e7e?project=1076360344718"},{"name":"SERVICE","message":"Creating Cloud Run service","state":"IN_PROGRESS","resource":"projects/knockknock-8e41d/locations/us-central1/services/addnumbers","resourceUri":"https://console.cloud.google.com/run/detail/us-central1/addnumbers?project=knockknock-8e41d"}],"sourceToken":"Clhwcm9qZWN0cy8xMDc2MzYwMzQ0NzE4L2xvY2F0aW9ucy91cy1jZW50cmFsMS9idWlsZHMvNzM5Y2JmMTctOGIzNy00ZDI3LTg2ZjktYmEzM2VlYmY2ZTdlEk51cy1jZW50cmFsMS1kb2NrZXIucGtnLmRldi9rbm9ja2tub2NrLThlNDFkL2djZi1hcnRpZmFjdHMvYWRkbnVtYmVyczp2ZXJzaW9uXzEYjunN4KkfIkRwcm9qZWN0cy9rbm9ja2tub2NrLThlNDFkL2xvY2F0aW9ucy91cy1jZW50cmFsMS9mdW5jdGlvbnMvYWRkbnVtYmVycyoMCLfkh7MGEOiki/4CMghub2RlanMxODqLAQojZ2NyLmlvL2dhZS1ydW50aW1lcy9ub2RlanMxODpzdGFibGUSQ3VzLWNlbnRyYWwxLWRvY2tlci5wa2cuZGV2L2dhZS1ydW50aW1lcy9nY3AvYnVpbGRwYWNrcy9ub2RlanMxOC9ydW66AR5ub2RlanMxOF8yMDI0MDYwMl8xOF8yMF8zX1JDMDA=","operationType":"CREATE_FUNCTION"},"done":false}
[debug] [2024-06-06T17:30:53.580Z] Got source token Clhwcm9qZWN0cy8xMDc2MzYwMzQ0NzE4L2xvY2F0aW9ucy91cy1jZW50cmFsMS9idWlsZHMvNzM5Y2JmMTctOGIzNy00ZDI3LTg2ZjktYmEzM2VlYmY2ZTdlEk51cy1jZW50cmFsMS1kb2NrZXIucGtnLmRldi9rbm9ja2tub2NrLThlNDFkL2djZi1hcnRpZmFjdHMvYWRkbnVtYmVyczp2ZXJzaW9uXzEYjunN4KkfIkRwcm9qZWN0cy9rbm9ja2tub2NrLThlNDFkL2xvY2F0aW9ucy91cy1jZW50cmFsMS9mdW5jdGlvbnMvYWRkbnVtYmVycyoMCLfkh7MGEOiki/4CMghub2RlanMxODqLAQojZ2NyLmlvL2dhZS1ydW50aW1lcy9ub2RlanMxODpzdGFibGUSQ3VzLWNlbnRyYWwxLWRvY2tlci5wa2cuZGV2L2dhZS1ydW50aW1lcy9nY3AvYnVpbGRwYWNrcy9ub2RlanMxOC9ydW66AR5ub2RlanMxOF8yMDI0MDYwMl8xOF8yMF8zX1JDMDA= for region us-central1
[debug] [2024-06-06T17:31:03.586Z] [create-default-us-central1-addnumbers] Retrying task index 0
[debug] [2024-06-06T17:31:03.586Z] >>> [apiv2][query] GET https://cloudfunctions.googleapis.com/v2/projects/knockknock-8e41d/locations/us-central1/operations/operation-1717694900795-61a3c0264fa1b-6dd7fbc5-5680f0f8 [none]
[debug] [2024-06-06T17:31:04.567Z] <<< [apiv2][status] GET https://cloudfunctions.googleapis.com/v2/projects/knockknock-8e41d/locations/us-central1/operations/operation-1717694900795-61a3c0264fa1b-6dd7fbc5-5680f0f8 200
[debug] [2024-06-06T17:31:04.567Z] <<< [apiv2][body] GET https://cloudfunctions.googleapis.com/v2/projects/knockknock-8e41d/locations/us-central1/operations/operation-1717694900795-61a3c0264fa1b-6dd7fbc5-5680f0f8 {"name":"projects/knockknock-8e41d/locations/us-central1/operations/operation-1717694900795-61a3c0264fa1b-6dd7fbc5-5680f0f8","metadata":{"@type":"type.googleapis.com/google.cloud.functions.v2.OperationMetadata","createTime":"2024-06-06T17:28:22.299253610Z","target":"projects/knockknock-8e41d/locations/us-central1/functions/addnumbers","verb":"create","cancelRequested":false,"apiVersion":"v2","requestResource":{"@type":"type.googleapis.com/google.cloud.functions.v2.Function","name":"projects/knockknock-8e41d/locations/us-central1/functions/addnumbers","buildConfig":{"runtime":"nodejs18","entryPoint":"addnumbers","source":{"storageSource":{"bucket":"gcf-v2-sources-1076360344718-us-central1","object":"addnumbers/function-source.zip","generation":"1717694901917887"}},"environmentVariables":{"GOOGLE_NODE_RUN_SCRIPTS":""}},"serviceConfig":{"service":"projects/knockknock-8e41d/locations/us-central1/services/addnumbers","timeoutSeconds":60,"environmentVariables":{"FIREBASE_CONFIG":"{\"projectId\":\"knockknock-8e41d\",\"storageBucket\":\"knockknock-8e41d.appspot.com\"}","GCLOUD_PROJECT":"knockknock-8e41d","EVENTARC_CLOUD_EVENT_SOURCE":"projects/knockknock-8e41d/locations/us-central1/services/addnumbers","FUNCTION_TARGET":"addnumbers"},"ingressSettings":"ALLOW_ALL","serviceAccountEmail":"1076360344718-compute@developer.gserviceaccount.com","availableMemory":"256Mi","maxInstanceRequestConcurrency":80,"availableCpu":"1"},"labels":{"deployment-tool":"cli-firebase","deployment-callable":"true","firebase-functions-hash":"b22546ddb24694793ee480890c86589a12368f81"},"environment":"GEN_2"},"stages":[{"name":"BUILD","message":"Build finished","state":"COMPLETE","resource":"projects/1076360344718/locations/us-central1/builds/739cbf17-8b37-4d27-86f9-ba33eebf6e7e","resourceUri":"https://console.cloud.google.com/cloud-build/builds;region=us-central1/739cbf17-8b37-4d27-86f9-ba33eebf6e7e?project=1076360344718"},{"name":"SERVICE","message":"Creating Cloud Run service","state":"IN_PROGRESS","resource":"projects/knockknock-8e41d/locations/us-central1/services/addnumbers","resourceUri":"https://console.cloud.google.com/run/detail/us-central1/addnumbers?project=knockknock-8e41d"}],"sourceToken":"Clhwcm9qZWN0cy8xMDc2MzYwMzQ0NzE4L2xvY2F0aW9ucy91cy1jZW50cmFsMS9idWlsZHMvNzM5Y2JmMTctOGIzNy00ZDI3LTg2ZjktYmEzM2VlYmY2ZTdlEk51cy1jZW50cmFsMS1kb2NrZXIucGtnLmRldi9rbm9ja2tub2NrLThlNDFkL2djZi1hcnRpZmFjdHMvYWRkbnVtYmVyczp2ZXJzaW9uXzEYjunN4KkfIkRwcm9qZWN0cy9rbm9ja2tub2NrLThlNDFkL2xvY2F0aW9ucy91cy1jZW50cmFsMS9mdW5jdGlvbnMvYWRkbnVtYmVycyoMCLfkh7MGEOiki/4CMghub2RlanMxODqLAQojZ2NyLmlvL2dhZS1ydW50aW1lcy9ub2RlanMxODpzdGFibGUSQ3VzLWNlbnRyYWwxLWRvY2tlci5wa2cuZGV2L2dhZS1ydW50aW1lcy9nY3AvYnVpbGRwYWNrcy9ub2RlanMxOC9ydW66AR5ub2RlanMxOF8yMDI0MDYwMl8xOF8yMF8zX1JDMDA=","operationType":"CREATE_FUNCTION"},"done":false}
[debug] [2024-06-06T17:31:04.567Z] Got source token Clhwcm9qZWN0cy8xMDc2MzYwMzQ0NzE4L2xvY2F0aW9ucy91cy1jZW50cmFsMS9idWlsZHMvNzM5Y2JmMTctOGIzNy00ZDI3LTg2ZjktYmEzM2VlYmY2ZTdlEk51cy1jZW50cmFsMS1kb2NrZXIucGtnLmRldi9rbm9ja2tub2NrLThlNDFkL2djZi1hcnRpZmFjdHMvYWRkbnVtYmVyczp2ZXJzaW9uXzEYjunN4KkfIkRwcm9qZWN0cy9rbm9ja2tub2NrLThlNDFkL2xvY2F0aW9ucy91cy1jZW50cmFsMS9mdW5jdGlvbnMvYWRkbnVtYmVycyoMCLfkh7MGEOiki/4CMghub2RlanMxODqLAQojZ2NyLmlvL2dhZS1ydW50aW1lcy9ub2RlanMxODpzdGFibGUSQ3VzLWNlbnRyYWwxLWRvY2tlci5wa2cuZGV2L2dhZS1ydW50aW1lcy9nY3AvYnVpbGRwYWNrcy9ub2RlanMxOC9ydW66AR5ub2RlanMxOF8yMDI0MDYwMl8xOF8yMF8zX1JDMDA= for region us-central1
[debug] [2024-06-06T17:31:14.572Z] [create-default-us-central1-addnumbers] Retrying task index 0
[debug] [2024-06-06T17:31:14.573Z] >>> [apiv2][query] GET https://cloudfunctions.googleapis.com/v2/projects/knockknock-8e41d/locations/us-central1/operations/operation-1717694900795-61a3c0264fa1b-6dd7fbc5-5680f0f8 [none]
[debug] [2024-06-06T17:31:15.575Z] <<< [apiv2][status] GET https://cloudfunctions.googleapis.com/v2/projects/knockknock-8e41d/locations/us-central1/operations/operation-1717694900795-61a3c0264fa1b-6dd7fbc5-5680f0f8 200
[debug] [2024-06-06T17:31:15.575Z] <<< [apiv2][body] GET https://cloudfunctions.googleapis.com/v2/projects/knockknock-8e41d/locations/us-central1/operations/operation-1717694900795-61a3c0264fa1b-6dd7fbc5-5680f0f8 {"name":"projects/knockknock-8e41d/locations/us-central1/operations/operation-1717694900795-61a3c0264fa1b-6dd7fbc5-5680f0f8","metadata":{"@type":"type.googleapis.com/google.cloud.functions.v2.OperationMetadata","createTime":"2024-06-06T17:28:22.299253610Z","endTime":"2024-06-06T17:31:15.233884028Z","target":"projects/knockknock-8e41d/locations/us-central1/functions/addnumbers","verb":"create","cancelRequested":false,"apiVersion":"v2","requestResource":{"@type":"type.googleapis.com/google.cloud.functions.v2.Function","name":"projects/knockknock-8e41d/locations/us-central1/functions/addnumbers","buildConfig":{"runtime":"nodejs18","entryPoint":"addnumbers","source":{"storageSource":{"bucket":"gcf-v2-sources-1076360344718-us-central1","object":"addnumbers/function-source.zip","generation":"1717694901917887"}},"environmentVariables":{"GOOGLE_NODE_RUN_SCRIPTS":""}},"serviceConfig":{"service":"projects/knockknock-8e41d/locations/us-central1/services/addnumbers","timeoutSeconds":60,"environmentVariables":{"FIREBASE_CONFIG":"{\"projectId\":\"knockknock-8e41d\",\"storageBucket\":\"knockknock-8e41d.appspot.com\"}","GCLOUD_PROJECT":"knockknock-8e41d","EVENTARC_CLOUD_EVENT_SOURCE":"projects/knockknock-8e41d/locations/us-central1/services/addnumbers","FUNCTION_TARGET":"addnumbers"},"ingressSettings":"ALLOW_ALL","serviceAccountEmail":"1076360344718-compute@developer.gserviceaccount.com","availableMemory":"256Mi","maxInstanceRequestConcurrency":80,"availableCpu":"1"},"labels":{"deployment-tool":"cli-firebase","deployment-callable":"true","firebase-functions-hash":"b22546ddb24694793ee480890c86589a12368f81"},"environment":"GEN_2"},"stages":[{"name":"BUILD","message":"Build finished","state":"COMPLETE","resource":"projects/1076360344718/locations/us-central1/builds/739cbf17-8b37-4d27-86f9-ba33eebf6e7e","resourceUri":"https://console.cloud.google.com/cloud-build/builds;region=us-central1/739cbf17-8b37-4d27-86f9-ba33eebf6e7e?project=1076360344718"},{"name":"SERVICE","message":"Creating Cloud Run service","state":"COMPLETE","resource":"projects/knockknock-8e41d/locations/us-central1/services/addnumbers","resourceUri":"https://console.cloud.google.com/run/detail/us-central1/addnumbers?project=knockknock-8e41d"}],"sourceToken":"Clhwcm9qZWN0cy8xMDc2MzYwMzQ0NzE4L2xvY2F0aW9ucy91cy1jZW50cmFsMS9idWlsZHMvNzM5Y2JmMTctOGIzNy00ZDI3LTg2ZjktYmEzM2VlYmY2ZTdlEk51cy1jZW50cmFsMS1kb2NrZXIucGtnLmRldi9rbm9ja2tub2NrLThlNDFkL2djZi1hcnRpZmFjdHMvYWRkbnVtYmVyczp2ZXJzaW9uXzEYjunN4KkfIkRwcm9qZWN0cy9rbm9ja2tub2NrLThlNDFkL2xvY2F0aW9ucy91cy1jZW50cmFsMS9mdW5jdGlvbnMvYWRkbnVtYmVycyoMCLfkh7MGEOiki/4CMghub2RlanMxODqLAQojZ2NyLmlvL2dhZS1ydW50aW1lcy9ub2RlanMxODpzdGFibGUSQ3VzLWNlbnRyYWwxLWRvY2tlci5wa2cuZGV2L2dhZS1ydW50aW1lcy9nY3AvYnVpbGRwYWNrcy9ub2RlanMxOC9ydW66AR5ub2RlanMxOF8yMDI0MDYwMl8xOF8yMF8zX1JDMDA=","operationType":"CREATE_FUNCTION"},"done":true,"response":{"@type":"type.googleapis.com/google.cloud.functions.v2.Function","name":"projects/knockknock-8e41d/locations/us-central1/functions/addnumbers","buildConfig":{"build":"projects/1076360344718/locations/us-central1/builds/739cbf17-8b37-4d27-86f9-ba33eebf6e7e","runtime":"nodejs18","entryPoint":"addnumbers","source":{"storageSource":{"bucket":"gcf-v2-sources-1076360344718-us-central1","object":"addnumbers/function-source.zip","generation":"1717694901917887"}},"environmentVariables":{"GOOGLE_NODE_RUN_SCRIPTS":""},"dockerRepository":"projects/knockknock-8e41d/locations/us-central1/repositories/gcf-artifacts","sourceProvenance":{"resolvedStorageSource":{"bucket":"gcf-v2-sources-1076360344718-us-central1","object":"addnumbers/function-source.zip","generation":"1717694901917887"}},"dockerRegistry":"ARTIFACT_REGISTRY"},"serviceConfig":{"service":"projects/knockknock-8e41d/locations/us-central1/services/addnumbers","timeoutSeconds":60,"environmentVariables":{"FIREBASE_CONFIG":"{\"projectId\":\"knockknock-8e41d\",\"storageBucket\":\"knockknock-8e41d.appspot.com\"}","GCLOUD_PROJECT":"knockknock-8e41d","EVENTARC_CLOUD_EVENT_SOURCE":"projects/knockknock-8e41d/locations/us-central1/services/addnumbers","FUNCTION_TARGET":"addnumbers"},"maxInstanceCount":100,"ingressSettings":"ALLOW_ALL","uri":"https://addnumbers-z22lv76b2a-uc.a.run.app","serviceAccountEmail":"1076360344718-compute@developer.gserviceaccount.com","availableMemory":"256Mi","allTrafficOnLatestRevision":true,"revision":"addnumbers-00001-kaz","maxInstanceRequestConcurrency":80,"availableCpu":"1"},"state":"ACTIVE","updateTime":"2024-06-06T17:28:22.295227507Z","labels":{"deployment-tool":"cli-firebase","deployment-callable":"true","firebase-functions-hash":"b22546ddb24694793ee480890c86589a12368f81"},"environment":"GEN_2","url":"https://us-central1-knockknock-8e41d.cloudfunctions.net/addnumbers","createTime":"2024-06-06T17:28:22.295227507Z"}}
[debug] [2024-06-06T17:31:15.575Z] Got source token Clhwcm9qZWN0cy8xMDc2MzYwMzQ0NzE4L2xvY2F0aW9ucy91cy1jZW50cmFsMS9idWlsZHMvNzM5Y2JmMTctOGIzNy00ZDI3LTg2ZjktYmEzM2VlYmY2ZTdlEk51cy1jZW50cmFsMS1kb2NrZXIucGtnLmRldi9rbm9ja2tub2NrLThlNDFkL2djZi1hcnRpZmFjdHMvYWRkbnVtYmVyczp2ZXJzaW9uXzEYjunN4KkfIkRwcm9qZWN0cy9rbm9ja2tub2NrLThlNDFkL2xvY2F0aW9ucy91cy1jZW50cmFsMS9mdW5jdGlvbnMvYWRkbnVtYmVycyoMCLfkh7MGEOiki/4CMghub2RlanMxODqLAQojZ2NyLmlvL2dhZS1ydW50aW1lcy9ub2RlanMxODpzdGFibGUSQ3VzLWNlbnRyYWwxLWRvY2tlci5wa2cuZGV2L2dhZS1ydW50aW1lcy9nY3AvYnVpbGRwYWNrcy9ub2RlanMxOC9ydW66AR5ub2RlanMxOF8yMDI0MDYwMl8xOF8yMF8zX1JDMDA= for region us-central1
[debug] [2024-06-06T17:31:15.576Z] >>> [apiv2][query] POST https://run.googleapis.com/v1/projects/knockknock-8e41d/locations/us-central1/services/addnumbers:setIamPolicy [none]
[debug] [2024-06-06T17:31:15.576Z] >>> [apiv2][body] POST https://run.googleapis.com/v1/projects/knockknock-8e41d/locations/us-central1/services/addnumbers:setIamPolicy {"policy":{"bindings":[{"role":"roles/run.invoker","members":["allUsers"]}],"etag":"","version":3},"updateMask":"bindings,etag,version"}
[debug] [2024-06-06T17:31:16.736Z] <<< [apiv2][status] POST https://run.googleapis.com/v1/projects/knockknock-8e41d/locations/us-central1/services/addnumbers:setIamPolicy 200
[debug] [2024-06-06T17:31:16.737Z] <<< [apiv2][body] POST https://run.googleapis.com/v1/projects/knockknock-8e41d/locations/us-central1/services/addnumbers:setIamPolicy {"version":1,"etag":"BwYaPA0DRSY=","bindings":[{"role":"roles/run.invoker","members":["allUsers"]}]}
[info] ✔  functions[addnumbers(us-central1)] Successful create operation. 
[debug] [2024-06-06T17:31:16.740Z] Total Function Deployment time: 179128
[debug] [2024-06-06T17:31:16.740Z] 1 Functions Deployed
[debug] [2024-06-06T17:31:16.740Z] 0 Functions Errored
[debug] [2024-06-06T17:31:16.740Z] 0 Function Deployments Aborted
[debug] [2024-06-06T17:31:16.740Z] Average Function Deployment time: 179127
[info] i  functions: cleaning up build files... 
[debug] [2024-06-06T17:31:16.745Z] >>> [apiv2][query] DELETE https://artifactregistry.googleapis.com/v1beta2/projects/knockknock-8e41d/locations/us-central1/repositories/gcf-artifacts/packages/addnumbers [none]
[debug] [2024-06-06T17:31:16.749Z] >>> [apiv2][query] GET https://us.gcr.io/v2/knockknock-8e41d/gcf/us-central1/tags/list [none]
